#
# A fatal error has been detected by the Java Runtime Environment:
#
#  EXCEPTION_ACCESS_VIOLATION (0xc0000005) at pc=0x00007ffb8e147705, pid=16256, tid=19288
#
# JRE version: Java(TM) SE Runtime Environment (14.0+36) (build 14+36-1461)
# Java VM: Java HotSpot(TM) 64-Bit Server VM (14+36-1461, mixed mode, sharing, tiered, compressed oops, g1 gc, windows-amd64)
# Problematic frame:
# V  [jvm.dll+0x747705]
#
# No core dump will be written. Minidumps are not enabled by default on client versions of Windows
#
# If you would like to submit a bug report, please visit:
#   https://bugreport.java.com/bugreport/crash.jsp
#

---------------  S U M M A R Y ------------

Command Line: -agentlib:jdwp=transport=dt_socket,address=127.0.0.1:61605,suspend=y,server=n -javaagent:C:\Users\niore\AppData\Local\JetBrains\IdeaIC2021.2\captureAgent\debugger-agent.jar -Dfile.encoding=UTF-8 com.devsuperior.hrprocess.HrProcessApplication

Host: AMD Ryzen 5 PRO 4650G with Radeon Graphics, 12 cores, 15G,  Windows 10 , 64 bit Build 19041 (10.0.19041.1503)
Time: Thu Feb 17 00:24:54 2022 Hora oficial do Brasil elapsed time: 7 seconds (0d 0h 0m 7s)

---------------  T H R E A D  ---------------

Current thread (0x0000027c9e87c800):  JavaThread "restartedMain" [_thread_in_vm, id=19288, stack(0x00000091cbe00000,0x00000091cbf00000)]

Stack: [0x00000091cbe00000,0x00000091cbf00000],  sp=0x00000091cbef9548,  free space=997k
Native frames: (J=compiled Java code, j=interpreted, Vv=VM code, C=native code)
V  [jvm.dll+0x747705]
V  [jvm.dll+0x1b45e6]
V  [jvm.dll+0x1bb36c]
V  [jvm.dll+0x1bbc05]
V  [jvm.dll+0x1bc802]
V  [jvm.dll+0x1b0c2e]
V  [jvm.dll+0x4d3632]
V  [jvm.dll+0x6cc26e]
V  [jvm.dll+0x726a18]
V  [jvm.dll+0x724f95]
C  0x0000027c902556ec

Java frames: (J=compiled Java code, j=interpreted, Vv=VM code)
J 1551  jdk.internal.misc.Unsafe.defineAnonymousClass0(Ljava/lang/Class;[B[Ljava/lang/Object;)Ljava/lang/Class; java.base@14 (0 bytes) @ 0x0000027c9025564c [0x0000027c902555c0+0x000000000000008c]
J 1550 c1 jdk.internal.misc.Unsafe.defineAnonymousClass(Ljava/lang/Class;[B[Ljava/lang/Object;)Ljava/lang/Class; java.base@14 (46 bytes) @ 0x0000027c88f78574 [0x0000027c88f78380+0x00000000000001f4]
J 3498 c1 java.lang.invoke.InnerClassLambdaMetafactory.spinInnerClass()Ljava/lang/Class; java.base@14 (527 bytes) @ 0x0000027c894caae4 [0x0000027c894c8b00+0x0000000000001fe4]
J 2665 c1 java.lang.invoke.InnerClassLambdaMetafactory.buildCallSite()Ljava/lang/invoke/CallSite; java.base@14 (168 bytes) @ 0x0000027c89256b24 [0x0000027c89256a80+0x00000000000000a4]
J 3256 c1 java.lang.invoke.LambdaForm$DMH.invokeStatic(Ljava/lang/Object;Ljava/lang/Object;Ljava/lang/Object;Ljava/lang/Object;Ljava/lang/Object;Ljava/lang/Object;Ljava/lang/Object;)Ljava/lang/Object; java.base@14 (30 bytes) @ 0x0000027c894053ac [0x0000027c89404e80+0x000000000000052c]
J 2318 c1 java.lang.invoke.BootstrapMethodInvoker.invoke(Ljava/lang/Class;Ljava/lang/invoke/MethodHandle;Ljava/lang/String;Ljava/lang/Object;Ljava/lang/Object;Ljava/lang/Class;)Ljava/lang/Object; java.base@14 (688 bytes) @ 0x0000027c8912f53c [0x0000027c89129040+0x00000000000064fc]
J 2317 c1 java.lang.invoke.CallSite.makeSite(Ljava/lang/invoke/MethodHandle;Ljava/lang/String;Ljava/lang/invoke/MethodType;Ljava/lang/Object;Ljava/lang/Class;)Ljava/lang/invoke/CallSite; java.base@14 (91 bytes) @ 0x0000027c891269c4 [0x0000027c89126920+0x00000000000000a4]
J 1736 c1 java.lang.invoke.MethodHandleNatives.linkCallSiteImpl(Ljava/lang/Class;Ljava/lang/invoke/MethodHandle;Ljava/lang/String;Ljava/lang/invoke/MethodType;Ljava/lang/Object;[Ljava/lang/Object;)Ljava/lang/invoke/MemberName; java.base@14 (44 bytes) @ 0x0000027c88fde524 [0x0000027c88fde4a0+0x0000000000000084]
J 1735 c1 java.lang.invoke.MethodHandleNatives.linkCallSite(Ljava/lang/Object;ILjava/lang/Object;Ljava/lang/Object;Ljava/lang/Object;Ljava/lang/Object;[Ljava/lang/Object;)Ljava/lang/invoke/MemberName; java.base@14 (66 bytes) @ 0x0000027c88fddf1c [0x0000027c88fdda80+0x000000000000049c]
v  ~StubRoutines::call_stub
j  org.springframework.data.jpa.repository.query.QueryParameterSetterFactory$CriteriaQueryParameterSetterFactory.create(Lorg/springframework/data/jpa/repository/query/StringQuery$ParameterBinding;Lorg/springframework/data/jpa/repository/query/DeclaredQuery;)Lorg/springframework/data/jpa/repository/query/QueryParameterSetter;+27
j  org.springframework.data.jpa.repository.query.ParameterBinderFactory.createQueryParameterSetter(Lorg/springframework/data/jpa/repository/query/StringQuery$ParameterBinding;[Lorg/springframework/data/jpa/repository/query/QueryParameterSetterFactory;Lorg/springframework/data/jpa/repository/query/DeclaredQuery;)Lorg/springframework/data/jpa/repository/query/QueryParameterSetter;+26
j  org.springframework.data.jpa.repository.query.ParameterBinderFactory.createSetters(Ljava/util/List;Lorg/springframework/data/jpa/repository/query/DeclaredQuery;[Lorg/springframework/data/jpa/repository/query/QueryParameterSetterFactory;)Ljava/lang/Iterable;+49
j  org.springframework.data.jpa.repository.query.ParameterBinderFactory.createSetters(Ljava/util/List;[Lorg/springframework/data/jpa/repository/query/QueryParameterSetterFactory;)Ljava/lang/Iterable;+5
j  org.springframework.data.jpa.repository.query.ParameterBinderFactory.createCriteriaBinder(Lorg/springframework/data/jpa/repository/query/JpaParameters;Ljava/util/List;)Lorg/springframework/data/jpa/repository/query/ParameterBinder;+37
j  org.springframework.data.jpa.repository.query.PartTreeJpaQuery$QueryPreparer.getBinder(Ljava/util/List;)Lorg/springframework/data/jpa/repository/query/ParameterBinder;+8
j  org.springframework.data.jpa.repository.query.PartTreeJpaQuery$QueryPreparer.<init>(Lorg/springframework/data/jpa/repository/query/PartTreeJpaQuery;Z)V+60
j  org.springframework.data.jpa.repository.query.PartTreeJpaQuery$CountQueryPreparer.<init>(Lorg/springframework/data/jpa/repository/query/PartTreeJpaQuery;Z)V+8
j  org.springframework.data.jpa.repository.query.PartTreeJpaQuery.<init>(Lorg/springframework/data/jpa/repository/query/JpaQueryMethod;Ljavax/persistence/EntityManager;Lorg/springframework/data/jpa/repository/query/EscapeCharacter;)V+102
j  org.springframework.data.jpa.repository.query.JpaQueryLookupStrategy$CreateQueryLookupStrategy.resolveQuery(Lorg/springframework/data/jpa/repository/query/JpaQueryMethod;Ljavax/persistence/EntityManager;Lorg/springframework/data/repository/core/NamedQueries;)Lorg/springframework/data/repository/query/RepositoryQuery;+10
j  org.springframework.data.jpa.repository.query.JpaQueryLookupStrategy$CreateIfNotFoundQueryLookupStrategy.resolveQuery(Lorg/springframework/data/jpa/repository/query/JpaQueryMethod;Ljavax/persistence/EntityManager;Lorg/springframework/data/repository/core/NamedQueries;)Lorg/springframework/data/repository/query/RepositoryQuery;+20
j  org.springframework.data.jpa.repository.query.JpaQueryLookupStrategy$AbstractQueryLookupStrategy.resolveQuery(Ljava/lang/reflect/Method;Lorg/springframework/data/repository/core/RepositoryMetadata;Lorg/springframework/data/projection/ProjectionFactory;Lorg/springframework/data/repository/core/NamedQueries;)Lorg/springframework/data/repository/query/RepositoryQuery;+19
j  org.springframework.data.repository.core.support.QueryExecutorMethodInterceptor.lookupQuery(Ljava/lang/reflect/Method;Lorg/springframework/data/repository/core/RepositoryInformation;Lorg/springframework/data/repository/query/QueryLookupStrategy;Lorg/springframework/data/projection/ProjectionFactory;)Lorg/springframework/data/util/Pair;+10
j  org.springframework.data.repository.core.support.QueryExecutorMethodInterceptor.lambda$mapMethodsToQuery$1(Lorg/springframework/data/repository/core/RepositoryInformation;Lorg/springframework/data/repository/query/QueryLookupStrategy;Lorg/springframework/data/projection/ProjectionFactory;Ljava/lang/reflect/Method;)Lorg/springframework/data/util/Pair;+6
j  org.springframework.data.repository.core.support.QueryExecutorMethodInterceptor$$Lambda$1197.apply(Ljava/lang/Object;)Ljava/lang/Object;+20
J 1257 c1 java.util.stream.ReferencePipeline$3$1.accept(Ljava/lang/Object;)V java.base@14 (23 bytes) @ 0x0000027c88ef5d94 [0x0000027c88ef5c40+0x0000000000000154]
j  java.util.Iterator.forEachRemaining(Ljava/util/function/Consumer;)V+21 java.base@14
j  java.util.Collections$UnmodifiableCollection$1.forEachRemaining(Ljava/util/function/Consumer;)V+5 java.base@14
j  java.util.Spliterators$IteratorSpliterator.forEachRemaining(Ljava/util/function/Consumer;)V+52 java.base@14
J 2365 c1 java.util.stream.AbstractPipeline.copyInto(Ljava/util/stream/Sink;Ljava/util/Spliterator;)V java.base@14 (54 bytes) @ 0x0000027c8916406c [0x0000027c89163c40+0x000000000000042c]
J 2364 c1 java.util.stream.AbstractPipeline.wrapAndCopyInto(Ljava/util/stream/Sink;Ljava/util/Spliterator;)Ljava/util/stream/Sink; java.base@14 (18 bytes) @ 0x0000027c8916366c [0x0000027c89163400+0x000000000000026c]
J 2513 c1 java.util.stream.ReduceOps$ReduceOp.evaluateSequential(Ljava/util/stream/PipelineHelper;Ljava/util/Spliterator;)Ljava/lang/Object; java.base@14 (18 bytes) @ 0x0000027c891c0c64 [0x0000027c891c0a60+0x0000000000000204]
J 1504 c1 java.util.stream.AbstractPipeline.evaluate(Ljava/util/stream/TerminalOp;)Ljava/lang/Object; java.base@14 (94 bytes) @ 0x0000027c88f62974 [0x0000027c88f624c0+0x00000000000004b4]
J 2514 c1 java.util.stream.ReferencePipeline.collect(Ljava/util/stream/Collector;)Ljava/lang/Object; java.base@14 (124 bytes) @ 0x0000027c891c1874 [0x0000027c891c1320+0x0000000000000554]
j  org.springframework.data.repository.core.support.QueryExecutorMethodInterceptor.mapMethodsToQuery(Lorg/springframework/data/repository/core/RepositoryInformation;Lorg/springframework/data/repository/query/QueryLookupStrategy;Lorg/springframework/data/projection/ProjectionFactory;)Ljava/util/Map;+39
j  org.springframework.data.repository.core.support.QueryExecutorMethodInterceptor.lambda$new$0(Lorg/springframework/data/repository/core/RepositoryInformation;Lorg/springframework/data/projection/ProjectionFactory;Lorg/springframework/data/repository/query/QueryLookupStrategy;)Ljava/util/Map;+4
j  org.springframework.data.repository.core.support.QueryExecutorMethodInterceptor$$Lambda$1196.apply(Ljava/lang/Object;)Ljava/lang/Object;+16
J 3423 c1 java.util.Optional.map(Ljava/util/function/Function;)Ljava/util/Optional; java.base@14 (30 bytes) @ 0x0000027c89479dac [0x0000027c89479b20+0x000000000000028c]
j  org.springframework.data.repository.core.support.QueryExecutorMethodInterceptor.<init>(Lorg/springframework/data/repository/core/RepositoryInformation;Lorg/springframework/data/projection/ProjectionFactory;Ljava/util/Optional;Lorg/springframework/data/repository/core/NamedQueries;Ljava/util/List;Ljava/util/List;)V+111
j  org.springframework.data.repository.core.support.RepositoryFactorySupport.getRepository(Ljava/lang/Class;Lorg/springframework/data/repository/core/support/RepositoryComposition$RepositoryFragments;)Ljava/lang/Object;+411
j  org.springframework.data.repository.core.support.RepositoryFactoryBeanSupport.lambda$afterPropertiesSet$5(Lorg/springframework/data/repository/core/support/RepositoryComposition$RepositoryFragments;)Lorg/springframework/data/repository/Repository;+9
j  org.springframework.data.repository.core.support.RepositoryFactoryBeanSupport$$Lambda$1076.get()Ljava/lang/Object;+8
j  org.springframework.data.util.Lazy.getNullable()Ljava/lang/Object;+17
j  org.springframework.data.util.Lazy.get()Ljava/lang/Object;+1
j  org.springframework.data.repository.core.support.RepositoryFactoryBeanSupport.afterPropertiesSet()V+232
j  org.springframework.data.jpa.repository.support.JpaRepositoryFactoryBean.afterPropertiesSet()V+18
j  org.springframework.beans.factory.support.AbstractAutowireCapableBeanFactory.invokeInitMethods(Ljava/lang/String;Ljava/lang/Object;Lorg/springframework/beans/factory/support/RootBeanDefinition;)V+106
j  org.springframework.beans.factory.support.AbstractAutowireCapableBeanFactory.initializeBean(Ljava/lang/String;Ljava/lang/Object;Lorg/springframework/beans/factory/support/RootBeanDefinition;)Ljava/lang/Object;+59
j  org.springframework.beans.factory.support.AbstractAutowireCapableBeanFactory.doCreateBean(Ljava/lang/String;Lorg/springframework/beans/factory/support/RootBeanDefinition;[Ljava/lang/Object;)Ljava/lang/Object;+245
j  org.springframework.beans.factory.support.AbstractAutowireCapableBeanFactory.createBean(Ljava/lang/String;Lorg/springframework/beans/factory/support/RootBeanDefinition;[Ljava/lang/Object;)Ljava/lang/Object;+169
j  org.springframework.beans.factory.support.AbstractBeanFactory.lambda$doGetBean$0(Ljava/lang/String;Lorg/springframework/beans/factory/support/RootBeanDefinition;[Ljava/lang/Object;)Ljava/lang/Object;+4
j  org.springframework.beans.factory.support.AbstractBeanFactory$$Lambda$267.getObject()Ljava/lang/Object;+16
j  org.springframework.beans.factory.support.DefaultSingletonBeanRegistry.getSingleton(Ljava/lang/String;Lorg/springframework/beans/factory/ObjectFactory;)Ljava/lang/Object;+132
J 3076 c1 org.springframework.beans.factory.support.AbstractBeanFactory.doGetBean(Ljava/lang/String;Ljava/lang/Class;[Ljava/lang/Object;Z)Ljava/lang/Object; (832 bytes) @ 0x0000027c8938c07c [0x0000027c8938a0c0+0x0000000000001fbc]
j  org.springframework.beans.factory.support.AbstractBeanFactory.getBean(Ljava/lang/String;)Ljava/lang/Object;+5
j  org.springframework.beans.factory.config.DependencyDescriptor.resolveCandidate(Ljava/lang/String;Ljava/lang/Class;Lorg/springframework/beans/factory/BeanFactory;)Ljava/lang/Object;+2
j  org.springframework.beans.factory.support.DefaultListableBeanFactory.doResolveDependency(Lorg/springframework/beans/factory/config/DependencyDescriptor;Ljava/lang/String;Ljava/util/Set;Lorg/springframework/beans/TypeConverter;)Ljava/lang/Object;+440
j  org.springframework.beans.factory.support.DefaultListableBeanFactory.resolveDependency(Lorg/springframework/beans/factory/config/DependencyDescriptor;Ljava/lang/String;Ljava/util/Set;Lorg/springframework/beans/TypeConverter;)Ljava/lang/Object;+108
j  org.springframework.beans.factory.annotation.AutowiredAnnotationBeanPostProcessor$AutowiredFieldElement.resolveFieldValue(Ljava/lang/reflect/Field;Ljava/lang/Object;Ljava/lang/String;)Ljava/lang/Object;+81
j  org.springframework.beans.factory.annotation.AutowiredAnnotationBeanPostProcessor$AutowiredFieldElement.inject(Ljava/lang/Object;Ljava/lang/String;Lorg/springframework/beans/PropertyValues;)V+53
j  org.springframework.beans.factory.annotation.InjectionMetadata.inject(Ljava/lang/Object;Ljava/lang/String;Lorg/springframework/beans/PropertyValues;)V+68
j  org.springframework.beans.factory.annotation.AutowiredAnnotationBeanPostProcessor.postProcessProperties(Lorg/springframework/beans/PropertyValues;Ljava/lang/Object;Ljava/lang/String;)Lorg/springframework/beans/PropertyValues;+17
j  org.springframework.beans.factory.support.AbstractAutowireCapableBeanFactory.populateBean(Ljava/lang/String;Lorg/springframework/beans/factory/support/RootBeanDefinition;Lorg/springframework/beans/BeanWrapper;)V+265
j  org.springframework.beans.factory.support.AbstractAutowireCapableBeanFactory.doCreateBean(Ljava/lang/String;Lorg/springframework/beans/factory/support/RootBeanDefinition;[Ljava/lang/Object;)Ljava/lang/Object;+237
j  org.springframework.beans.factory.support.AbstractAutowireCapableBeanFactory.createBean(Ljava/lang/String;Lorg/springframework/beans/factory/support/RootBeanDefinition;[Ljava/lang/Object;)Ljava/lang/Object;+169
j  org.springframework.beans.factory.support.AbstractBeanFactory.lambda$doGetBean$0(Ljava/lang/String;Lorg/springframework/beans/factory/support/RootBeanDefinition;[Ljava/lang/Object;)Ljava/lang/Object;+4
j  org.springframework.beans.factory.support.AbstractBeanFactory$$Lambda$267.getObject()Ljava/lang/Object;+16
j  org.springframework.beans.factory.support.DefaultSingletonBeanRegistry.getSingleton(Ljava/lang/String;Lorg/springframework/beans/factory/ObjectFactory;)Ljava/lang/Object;+132
J 3076 c1 org.springframework.beans.factory.support.AbstractBeanFactory.doGetBean(Ljava/lang/String;Ljava/lang/Class;[Ljava/lang/Object;Z)Ljava/lang/Object; (832 bytes) @ 0x0000027c8938c07c [0x0000027c8938a0c0+0x0000000000001fbc]
j  org.springframework.beans.factory.support.AbstractBeanFactory.getBean(Ljava/lang/String;)Ljava/lang/Object;+5
j  org.springframework.beans.factory.config.DependencyDescriptor.resolveCandidate(Ljava/lang/String;Ljava/lang/Class;Lorg/springframework/beans/factory/BeanFactory;)Ljava/lang/Object;+2
j  org.springframework.beans.factory.support.DefaultListableBeanFactory.doResolveDependency(Lorg/springframework/beans/factory/config/DependencyDescriptor;Ljava/lang/String;Ljava/util/Set;Lorg/springframework/beans/TypeConverter;)Ljava/lang/Object;+440
j  org.springframework.beans.factory.support.DefaultListableBeanFactory.resolveDependency(Lorg/springframework/beans/factory/config/DependencyDescriptor;Ljava/lang/String;Ljava/util/Set;Lorg/springframework/beans/TypeConverter;)Ljava/lang/Object;+108
j  org.springframework.beans.factory.annotation.AutowiredAnnotationBeanPostProcessor$AutowiredFieldElement.resolveFieldValue(Ljava/lang/reflect/Field;Ljava/lang/Object;Ljava/lang/String;)Ljava/lang/Object;+81
j  org.springframework.beans.factory.annotation.AutowiredAnnotationBeanPostProcessor$AutowiredFieldElement.inject(Ljava/lang/Object;Ljava/lang/String;Lorg/springframework/beans/PropertyValues;)V+53
j  org.springframework.beans.factory.annotation.InjectionMetadata.inject(Ljava/lang/Object;Ljava/lang/String;Lorg/springframework/beans/PropertyValues;)V+68
j  org.springframework.beans.factory.annotation.AutowiredAnnotationBeanPostProcessor.postProcessProperties(Lorg/springframework/beans/PropertyValues;Ljava/lang/Object;Ljava/lang/String;)Lorg/springframework/beans/PropertyValues;+17
j  org.springframework.beans.factory.support.AbstractAutowireCapableBeanFactory.populateBean(Ljava/lang/String;Lorg/springframework/beans/factory/support/RootBeanDefinition;Lorg/springframework/beans/BeanWrapper;)V+265
j  org.springframework.beans.factory.support.AbstractAutowireCapableBeanFactory.doCreateBean(Ljava/lang/String;Lorg/springframework/beans/factory/support/RootBeanDefinition;[Ljava/lang/Object;)Ljava/lang/Object;+237
j  org.springframework.beans.factory.support.AbstractAutowireCapableBeanFactory.createBean(Ljava/lang/String;Lorg/springframework/beans/factory/support/RootBeanDefinition;[Ljava/lang/Object;)Ljava/lang/Object;+169
j  org.springframework.beans.factory.support.AbstractBeanFactory.lambda$doGetBean$0(Ljava/lang/String;Lorg/springframework/beans/factory/support/RootBeanDefinition;[Ljava/lang/Object;)Ljava/lang/Object;+4
j  org.springframework.beans.factory.support.AbstractBeanFactory$$Lambda$267.getObject()Ljava/lang/Object;+16
j  org.springframework.beans.factory.support.DefaultSingletonBeanRegistry.getSingleton(Ljava/lang/String;Lorg/springframework/beans/factory/ObjectFactory;)Ljava/lang/Object;+132
J 3076 c1 org.springframework.beans.factory.support.AbstractBeanFactory.doGetBean(Ljava/lang/String;Ljava/lang/Class;[Ljava/lang/Object;Z)Ljava/lang/Object; (832 bytes) @ 0x0000027c8938c07c [0x0000027c8938a0c0+0x0000000000001fbc]
j  org.springframework.beans.factory.support.AbstractBeanFactory.getBean(Ljava/lang/String;)Ljava/lang/Object;+5
j  org.springframework.beans.factory.support.DefaultListableBeanFactory.preInstantiateSingletons()V+248
j  org.springframework.context.support.AbstractApplicationContext.finishBeanFactoryInitialization(Lorg/springframework/beans/factory/config/ConfigurableListableBeanFactory;)V+124
j  org.springframework.context.support.AbstractApplicationContext.refresh()V+86
j  org.springframework.boot.web.servlet.context.ServletWebServerApplicationContext.refresh()V+1
j  org.springframework.boot.SpringApplication.refresh(Lorg/springframework/context/ConfigurableApplicationContext;)V+1
j  org.springframework.boot.SpringApplication.refreshContext(Lorg/springframework/context/ConfigurableApplicationContext;)V+16
j  org.springframework.boot.SpringApplication.run([Ljava/lang/String;)Lorg/springframework/context/ConfigurableApplicationContext;+107
j  org.springframework.boot.SpringApplication.run([Ljava/lang/Class;[Ljava/lang/String;)Lorg/springframework/context/ConfigurableApplicationContext;+9
j  org.springframework.boot.SpringApplication.run(Ljava/lang/Class;[Ljava/lang/String;)Lorg/springframework/context/ConfigurableApplicationContext;+9
j  com.devsuperior.hrprocess.HrProcessApplication.main([Ljava/lang/String;)V+3
v  ~StubRoutines::call_stub
j  jdk.internal.reflect.NativeMethodAccessorImpl.invoke0(Ljava/lang/reflect/Method;Ljava/lang/Object;[Ljava/lang/Object;)Ljava/lang/Object;+0 java.base@14
j  jdk.internal.reflect.NativeMethodAccessorImpl.invoke(Ljava/lang/Object;[Ljava/lang/Object;)Ljava/lang/Object;+100 java.base@14
j  jdk.internal.reflect.DelegatingMethodAccessorImpl.invoke(Ljava/lang/Object;[Ljava/lang/Object;)Ljava/lang/Object;+6 java.base@14
j  java.lang.reflect.Method.invoke(Ljava/lang/Object;[Ljava/lang/Object;)Ljava/lang/Object;+59 java.base@14
j  org.springframework.boot.devtools.restart.RestartLauncher.run()V+42
v  ~StubRoutines::call_stub

siginfo: EXCEPTION_ACCESS_VIOLATION (0xc0000005), reading address 0x00007ffd1a3fbafc


Register to memory mapping:

RIP=0x00007ffb8e147705 jvm.dll
RAX=0x0000000062fdca03 is an unknown value
RBX=0x00007ffb8da00000 jvm.dll
RCX=0x0000000062fdca03 is an unknown value
RDX=0x00000000000003f8 is an unknown value
RSP=0x00000091cbef9548 is pointing into the stack for thread: 0x0000027c9e87c800
RBP=0x0 is NULL
RSI=0x0 is NULL
RDI=0x0 is NULL
R8 =0x0000000800409f30 is pointing into metadata
R9 =0x0000027c9f9e15c5 points into unknown readable memory: 00 1a 00
R10=0x0000000000000002 is an unknown value
R11=0x00000000000003f7 is an unknown value
R12=0x0 is NULL
R13=0x0 is NULL
R14=0x00000091cbef9710 is pointing into the stack for thread: 0x0000027c9e87c800
R15=0x0000027ca76a6d70 points into unknown readable memory: 00 00 00 00 00 00 00 00


Registers:
RAX=0x0000000062fdca03, RBX=0x00007ffb8da00000, RCX=0x0000000062fdca03, RDX=0x00000000000003f8
RSP=0x00000091cbef9548, RBP=0x0000000000000000, RSI=0x0000000000000000, RDI=0x0000000000000000
R8 =0x0000000800409f30, R9 =0x0000027c9f9e15c5, R10=0x0000000000000002, R11=0x00000000000003f7
R12=0x0000000000000000, R13=0x0000000000000000, R14=0x00000091cbef9710, R15=0x0000027ca76a6d70
RIP=0x00007ffb8e147705, EFLAGS=0x0000000000010287

Top of Stack: (sp=0x00000091cbef9548)
0x00000091cbef9548:   00007ffb8dbb45e6 0000027cabb1fc70
0x00000091cbef9558:   0000027c9f9e15c3 0000000000000012
0x00000091cbef9568:   00000091cbef9b50 0000000200000006
0x00000091cbef9578:   0000027c9f9e15c5 0000027cabb1fc70
0x00000091cbef9588:   00000091cbef9b50 0000000000000000
0x00000091cbef9598:   0000000000000006 00000091cbef9ec8
0x00000091cbef95a8:   0000000000000006 0000027c9e87c800
0x00000091cbef95b8:   00007ffb8dbbb36c 00000091cbef96d0
0x00000091cbef95c8:   0000027c9f9e15c3 0000000000000006
0x00000091cbef95d8:   000000080040ba80 0000027ca76a6d70
0x00000091cbef95e8:   0000027c9e87c800 0000000000000000
0x00000091cbef95f8:   0000000000000000 0000000000000000
0x00000091cbef9608:   0000027c00000000 0000000000000000
0x00000091cbef9618:   00007ffb00000000 0000000000000000
0x00000091cbef9628:   0000009100000000 0000000000000000
0x00000091cbef9638:   0000000000000000 0000027c9e87c800 

Instructions: (pc=0x00007ffb8e147705)
0x00007ffb8e147605:   28 01 00 00 66 44 23 c8 b8 08 01 00 00 66 44 3b
0x00007ffb8e147615:   c8 75 26 b8 3f 00 00 00 c3 b8 28 01 00 00 66 44
0x00007ffb8e147625:   23 c8 b8 08 01 00 00 66 44 3b c8 75 0c b8 3e 00
0x00007ffb8e147635:   00 00 c3 41 f6 c1 28 74 03 33 c0 c3 b8 44 01 00
0x00007ffb8e147645:   00 c3 cc cc cc cc cc cc cc cc cc 48 89 5c 24 08
0x00007ffb8e147655:   48 89 7c 24 10 48 8b 15 93 1c 34 00 48 8d 1d 98
0x00007ffb8e147665:   89 8b ff 48 63 c2 33 ff 4c 8b c1 48 3b 8c c3 a0
0x00007ffb8e147675:   72 a8 00 75 14 8b c7 85 c0 0f 45 d7 8b c2 48 8b
0x00007ffb8e147685:   5c 24 08 48 8b 7c 24 10 c3 b9 ff ff ff ff 41 ba
0x00007ffb8e147695:   01 00 00 00 8b c1 41 0f 47 c2 77 12 85 c0 0f 45
0x00007ffb8e1476a5:   d7 8b c2 48 8b 5c 24 08 48 8b 7c 24 10 c3 48 63
0x00007ffb8e1476b5:   15 16 2c 34 00 4c 3b 84 d3 a0 72 a8 00 75 14 8b
0x00007ffb8e1476c5:   cf 85 c9 0f 45 d7 8b c2 48 8b 5c 24 08 48 8b 7c
0x00007ffb8e1476d5:   24 10 c3 41 0f 47 ca 76 12 85 c9 0f 45 d7 8b c2
0x00007ffb8e1476e5:   48 8b 5c 24 08 48 8b 7c 24 10 c3 8b 0d 52 bf 2a
0x00007ffb8e1476f5:   00 41 ba 02 00 00 00 41 bb f7 03 00 00 48 63 c1
0x00007ffb8e147705:   4c 63 8c 83 f0 92 a8 00 4a 8b 94 cb a0 72 a8 00
0x00007ffb8e147715:   4c 3b c2 74 2f 8d 41 ff 41 0f 47 c3 ff c1 44 8b
0x00007ffb8e147725:   d8 4c 3b c2 44 0f 47 d1 41 03 c2 99 2b c2 d1 f8
0x00007ffb8e147735:   8b c8 45 3b da 7d c6 8b c7 48 8b 5c 24 08 48 8b
0x00007ffb8e147745:   7c 24 10 c3 48 8b 5c 24 08 41 8b c1 48 8b 7c 24
0x00007ffb8e147755:   10 89 0d ec be 2a 00 c3 cc cc cc 48 83 ec 28 80
0x00007ffb8e147765:   3d f7 a2 27 00 00 0f 85 db 00 00 00 48 89 5c 24
0x00007ffb8e147775:   30 48 8b 1d c3 be 2a 00 48 89 74 24 38 48 8d 35
0x00007ffb8e147785:   df 1a 34 00 48 89 7c 24 20 48 8d 3d 13 fb 33 00
0x00007ffb8e147795:   48 8b cb e8 f3 af f7 ff 48 89 07 48 c7 c0 ff ff
0x00007ffb8e1477a5:   ff ff 48 ff c0 80 3c 03 00 75 f7 48 ff c3 48 83
0x00007ffb8e1477b5:   c7 08 48 03 d8 48 3b fe 7c d6 48 8b 05 32 13 34
0x00007ffb8e1477c5:   00 48 8b 7c 24 20 48 8b 74 24 38 48 8b 5c 24 30
0x00007ffb8e1477d5:   48 89 05 d4 1a 34 00 48 8b 05 1d 13 34 00 48 89
0x00007ffb8e1477e5:   05 ae 1a 34 00 48 8b 05 17 13 34 00 48 89 05 b0
0x00007ffb8e1477f5:   1a 34 00 48 8b 05 11 13 34 00 48 89 05 9a 1a 34 


Stack slot to memory mapping:
stack at sp + 0 slots: 0x00007ffb8dbb45e6 jvm.dll
stack at sp + 1 slots: 0x0000027cabb1fc70 is pointing into metadata
stack at sp + 2 slots: 0x0000027c9f9e15c3 points into unknown readable memory: 00 01 00 1a 00
stack at sp + 3 slots: 0x0000000000000012 is an unknown value
stack at sp + 4 slots: 0x00000091cbef9b50 is pointing into the stack for thread: 0x0000027c9e87c800
stack at sp + 5 slots: 0x0000000200000006 is an unknown value
stack at sp + 6 slots: 0x0000027c9f9e15c5 points into unknown readable memory: 00 1a 00
stack at sp + 7 slots: 0x0000027cabb1fc70 is pointing into metadata


---------------  P R O C E S S  ---------------

Threads class SMR info:
_java_thread_list=0x0000027ca53e5ba0, length=23, elements={
0x0000027cf9cb2000, 0x0000027c9d9f8800, 0x0000027c9d9f9800, 0x0000027c9da1a000,
0x0000027c9da1d000, 0x0000027c9da1f000, 0x0000027c9da20000, 0x0000027c9da23000,
0x0000027c9da25000, 0x0000027c9e87b800, 0x0000027c9e937800, 0x0000027c9e93e800,
0x0000027c9e94a800, 0x0000027c9e87f800, 0x0000027c9f2e3800, 0x0000027c9e87e000,
0x0000027c9e87c800, 0x0000027c9ff74800, 0x0000027c9e87d800, 0x0000027c9e87f000,
0x0000027c9e87a000, 0x0000027c9e880800, 0x0000027ca3059000
}

Java Threads: ( => current thread )
  0x0000027cf9cb2000 JavaThread "main" [_thread_blocked, id=19700, stack(0x00000091ca200000,0x00000091ca300000)]
  0x0000027c9d9f8800 JavaThread "Reference Handler" daemon [_thread_blocked, id=12196, stack(0x00000091ca900000,0x00000091caa00000)]
  0x0000027c9d9f9800 JavaThread "Finalizer" daemon [_thread_blocked, id=8204, stack(0x00000091caa00000,0x00000091cab00000)]
  0x0000027c9da1a000 JavaThread "Signal Dispatcher" daemon [_thread_blocked, id=3368, stack(0x00000091cab00000,0x00000091cac00000)]
  0x0000027c9da1d000 JavaThread "Attach Listener" daemon [_thread_blocked, id=19840, stack(0x00000091cac00000,0x00000091cad00000)]
  0x0000027c9da1f000 JavaThread "Service Thread" daemon [_thread_blocked, id=15912, stack(0x00000091cad00000,0x00000091cae00000)]
  0x0000027c9da20000 JavaThread "C2 CompilerThread0" daemon [_thread_in_vm, id=13292, stack(0x00000091cae00000,0x00000091caf00000)]
  0x0000027c9da23000 JavaThread "C1 CompilerThread0" daemon [_thread_blocked, id=8972, stack(0x00000091caf00000,0x00000091cb000000)]
  0x0000027c9da25000 JavaThread "Sweeper thread" daemon [_thread_blocked, id=10256, stack(0x00000091cb000000,0x00000091cb100000)]
  0x0000027c9e87b800 JavaThread "Common-Cleaner" daemon [_thread_blocked, id=14992, stack(0x00000091cb100000,0x00000091cb200000)]
  0x0000027c9e937800 JavaThread "JDWP Transport Listener: dt_socket" daemon [_thread_blocked, id=3996, stack(0x00000091cb300000,0x00000091cb400000)]
  0x0000027c9e93e800 JavaThread "JDWP Event Helper Thread" daemon [_thread_blocked, id=19316, stack(0x00000091cb400000,0x00000091cb500000)]
  0x0000027c9e94a800 JavaThread "JDWP Command Reader" daemon [_thread_in_native, id=16024, stack(0x00000091cb500000,0x00000091cb600000)]
  0x0000027c9e87f800 JavaThread "Notification Thread" daemon [_thread_blocked, id=21280, stack(0x00000091cb200000,0x00000091cb300000)]
  0x0000027c9f2e3800 JavaThread "C2 CompilerThread1" daemon [_thread_in_vm, id=18048, stack(0x00000091cb700000,0x00000091cb800000)]
  0x0000027c9e87e000 JavaThread "Thread-0" [_thread_blocked, id=19216, stack(0x00000091cbd00000,0x00000091cbe00000)]
=>0x0000027c9e87c800 JavaThread "restartedMain" [_thread_in_vm, id=19288, stack(0x00000091cbe00000,0x00000091cbf00000)]
  0x0000027c9ff74800 JavaThread "C2 CompilerThread2" daemon [_thread_in_native, id=10680, stack(0x00000091cc000000,0x00000091cc100000)]
  0x0000027c9e87d800 JavaThread "Catalina-utility-1" [_thread_blocked, id=7408, stack(0x00000091cbf00000,0x00000091cc000000)]
  0x0000027c9e87f000 JavaThread "Catalina-utility-2" [_thread_blocked, id=10288, stack(0x00000091cc700000,0x00000091cc800000)]
  0x0000027c9e87a000 JavaThread "container-0" [_thread_blocked, id=20808, stack(0x00000091cc800000,0x00000091cc900000)]
  0x0000027c9e880800 JavaThread "HikariPool-1 housekeeper" daemon [_thread_blocked, id=20248, stack(0x00000091cca00000,0x00000091ccb00000)]
  0x0000027ca3059000 JavaThread "HikariPool-1 connection adder" daemon [_thread_blocked, id=19896, stack(0x00000091ccb00000,0x00000091ccc00000)]

Other Threads:
  0x0000027c9d9f1800 VMThread "VM Thread" [stack: 0x00000091ca800000,0x00000091ca900000] [id=3660]
  0x0000027c9ef0f000 WatcherThread [stack: 0x00000091cb600000,0x00000091cb700000] [id=16924]
  0x0000027cf9d17800 GCTaskThread "GC Thread#0" [stack: 0x00000091ca300000,0x00000091ca400000] [id=936]
  0x0000027c9f20f000 GCTaskThread "GC Thread#1" [stack: 0x00000091cb800000,0x00000091cb900000] [id=8064]
  0x0000027c9f210000 GCTaskThread "GC Thread#2" [stack: 0x00000091cb900000,0x00000091cba00000] [id=9832]
  0x0000027c9f841800 GCTaskThread "GC Thread#3" [stack: 0x00000091cba00000,0x00000091cbb00000] [id=3436]
  0x0000027c9f842800 GCTaskThread "GC Thread#4" [stack: 0x00000091cbb00000,0x00000091cbc00000] [id=20704]
  0x0000027c9f843000 GCTaskThread "GC Thread#5" [stack: 0x00000091cbc00000,0x00000091cbd00000] [id=6168]
  0x0000027ca0e81800 GCTaskThread "GC Thread#6" [stack: 0x00000091cc100000,0x00000091cc200000] [id=6124]
  0x0000027ca0fc7800 GCTaskThread "GC Thread#7" [stack: 0x00000091cc200000,0x00000091cc300000] [id=2784]
  0x0000027ca02a5800 GCTaskThread "GC Thread#8" [stack: 0x00000091cc300000,0x00000091cc400000] [id=19808]
  0x0000027ca1074800 GCTaskThread "GC Thread#9" [stack: 0x00000091cc400000,0x00000091cc500000] [id=13160]
  0x0000027cf9d3a000 ConcurrentGCThread "G1 Main Marker" [stack: 0x00000091ca400000,0x00000091ca500000] [id=17596]
  0x0000027cf9d3c000 ConcurrentGCThread "G1 Conc#0" [stack: 0x00000091ca500000,0x00000091ca600000] [id=13528]
  0x0000027ca2abf800 ConcurrentGCThread "G1 Conc#1" [stack: 0x00000091cc500000,0x00000091cc600000] [id=1080]
  0x0000027ca2578800 ConcurrentGCThread "G1 Conc#2" [stack: 0x00000091cc600000,0x00000091cc700000] [id=15884]
  0x0000027c9d93d800 ConcurrentGCThread "G1 Refine#0" [stack: 0x00000091ca600000,0x00000091ca700000] [id=8788]
  0x0000027c9d93f800 ConcurrentGCThread "G1 Young RemSet Sampling" [stack: 0x00000091ca700000,0x00000091ca800000] [id=15604]

Threads with active compile tasks:
C2 CompilerThread0     7315 4969       4       org.springframework.core.annotation.AnnotationsScanner::processMethod (116 bytes)
C2 CompilerThread1     7316 4972       4       org.springframework.core.annotation.AnnotationsScanner::processMethodAnnotations (98 bytes)
C2 CompilerThread2     7316 4971       4       org.springframework.core.BridgeMethodResolver::findBridgedMethod (117 bytes)

VM state:not at safepoint (normal execution)

VM Mutex/Monitor currently owned by a thread: None

Heap address: 0x0000000703200000, size: 4046 MB, Compressed Oops mode: Zero based, Oop shift amount: 3
Narrow klass base: 0x0000000800000000, Narrow klass shift: 3
Compressed class space size: 1073741824 Address: 0x0000000800b30000

Heap:
 garbage-first heap   total 102400K, used 75279K [0x0000000703200000, 0x0000000800000000)
  region size 1024K, 54 young (55296K), 7 survivors (7168K)
 Metaspace       used 62804K, capacity 64676K, committed 64768K, reserved 1105920K
  class space    used 8465K, capacity 9178K, committed 9216K, reserved 1048576K
Heap Regions: E=young(eden), S=young(survivor), O=old, HS=humongous(starts), HC=humongous(continues), CS=collection set, F=free, OA=open archive, CA=closed archive, TAMS=top-at-mark-start (previous, next)
|   0|0x0000000703200000, 0x0000000703300000, 0x0000000703300000|100%|HS|  |TAMS 0x0000000703300000, 0x0000000703200000| Complete 
|   1|0x0000000703300000, 0x0000000703400000, 0x0000000703400000|100%| O|  |TAMS 0x0000000703400000, 0x0000000703300000| Untracked 
|   2|0x0000000703400000, 0x0000000703500000, 0x0000000703500000|100%| O|  |TAMS 0x0000000703500000, 0x0000000703400000| Untracked 
|   3|0x0000000703500000, 0x0000000703600000, 0x0000000703600000|100%| O|  |TAMS 0x0000000703600000, 0x0000000703500000| Untracked 
|   4|0x0000000703600000, 0x0000000703700000, 0x0000000703700000|100%| O|  |TAMS 0x0000000703700000, 0x0000000703600000| Untracked 
|   5|0x0000000703700000, 0x0000000703800000, 0x0000000703800000|100%| O|  |TAMS 0x0000000703800000, 0x0000000703700000| Untracked 
|   6|0x0000000703800000, 0x0000000703900000, 0x0000000703900000|100%| O|  |TAMS 0x0000000703900000, 0x0000000703800000| Untracked 
|   7|0x0000000703900000, 0x00000007039a7400, 0x0000000703a00000| 65%| O|  |TAMS 0x00000007039a7400, 0x0000000703900000| Untracked 
|   8|0x0000000703a00000, 0x0000000703b00000, 0x0000000703b00000|100%| O|  |TAMS 0x0000000703b00000, 0x0000000703a00000| Untracked 
|   9|0x0000000703b00000, 0x0000000703c00000, 0x0000000703c00000|100%| O|  |TAMS 0x0000000703c00000, 0x0000000703b00000| Untracked 
|  10|0x0000000703c00000, 0x0000000703d00000, 0x0000000703d00000|100%| O|  |TAMS 0x0000000703d00000, 0x0000000703c00000| Untracked 
|  11|0x0000000703d00000, 0x0000000703e00000, 0x0000000703e00000|100%| O|  |TAMS 0x0000000703e00000, 0x0000000703d00000| Untracked 
|  12|0x0000000703e00000, 0x0000000703f00000, 0x0000000703f00000|100%| O|  |TAMS 0x0000000703f00000, 0x0000000703e00000| Untracked 
|  13|0x0000000703f00000, 0x0000000704000000, 0x0000000704000000|100%| O|  |TAMS 0x0000000704000000, 0x0000000703f00000| Untracked 
|  14|0x0000000704000000, 0x0000000704100000, 0x0000000704100000|100%| O|  |TAMS 0x0000000704100000, 0x0000000704000000| Untracked 
|  15|0x0000000704100000, 0x0000000704200000, 0x0000000704200000|100%| O|  |TAMS 0x0000000704200000, 0x0000000704100000| Untracked 
|  16|0x0000000704200000, 0x0000000704300000, 0x0000000704300000|100%| O|  |TAMS 0x0000000704300000, 0x0000000704200000| Untracked 
|  17|0x0000000704300000, 0x0000000704400000, 0x0000000704400000|100%| O|  |TAMS 0x0000000704400000, 0x0000000704300000| Untracked 
|  18|0x0000000704400000, 0x0000000704500000, 0x0000000704500000|100%| O|  |TAMS 0x0000000704500000, 0x0000000704400000| Untracked 
|  19|0x0000000704500000, 0x0000000704600000, 0x0000000704600000|100%| O|  |TAMS 0x0000000704600000, 0x0000000704500000| Untracked 
|  20|0x0000000704600000, 0x0000000704700000, 0x0000000704700000|100%| O|  |TAMS 0x0000000704700000, 0x0000000704600000| Untracked 
|  21|0x0000000704700000, 0x0000000704718e00, 0x0000000704800000|  9%| O|  |TAMS 0x0000000704718e00, 0x0000000704700000| Untracked 
|  22|0x0000000704800000, 0x0000000704800000, 0x0000000704900000|  0%| F|  |TAMS 0x0000000704800000, 0x0000000704800000| Untracked 
|  23|0x0000000704900000, 0x0000000704900000, 0x0000000704a00000|  0%| F|  |TAMS 0x0000000704900000, 0x0000000704900000| Untracked 
|  24|0x0000000704a00000, 0x0000000704a00000, 0x0000000704b00000|  0%| F|  |TAMS 0x0000000704a00000, 0x0000000704a00000| Untracked 
|  25|0x0000000704b00000, 0x0000000704b00000, 0x0000000704c00000|  0%| F|  |TAMS 0x0000000704b00000, 0x0000000704b00000| Untracked 
|  26|0x0000000704c00000, 0x0000000704c00000, 0x0000000704d00000|  0%| F|  |TAMS 0x0000000704c00000, 0x0000000704c00000| Untracked 
|  27|0x0000000704d00000, 0x0000000704d00000, 0x0000000704e00000|  0%| F|  |TAMS 0x0000000704d00000, 0x0000000704d00000| Untracked 
|  28|0x0000000704e00000, 0x0000000704e00000, 0x0000000704f00000|  0%| F|  |TAMS 0x0000000704e00000, 0x0000000704e00000| Untracked 
|  29|0x0000000704f00000, 0x0000000704f00000, 0x0000000705000000|  0%| F|  |TAMS 0x0000000704f00000, 0x0000000704f00000| Untracked 
|  30|0x0000000705000000, 0x0000000705000000, 0x0000000705100000|  0%| F|  |TAMS 0x0000000705000000, 0x0000000705000000| Untracked 
|  31|0x0000000705100000, 0x0000000705100000, 0x0000000705200000|  0%| F|  |TAMS 0x0000000705100000, 0x0000000705100000| Untracked 
|  32|0x0000000705200000, 0x0000000705200000, 0x0000000705300000|  0%| F|  |TAMS 0x0000000705200000, 0x0000000705200000| Untracked 
|  33|0x0000000705300000, 0x0000000705300000, 0x0000000705400000|  0%| F|  |TAMS 0x0000000705300000, 0x0000000705300000| Untracked 
|  34|0x0000000705400000, 0x0000000705400000, 0x0000000705500000|  0%| F|  |TAMS 0x0000000705400000, 0x0000000705400000| Untracked 
|  35|0x0000000705500000, 0x0000000705500000, 0x0000000705600000|  0%| F|  |TAMS 0x0000000705500000, 0x0000000705500000| Untracked 
|  36|0x0000000705600000, 0x0000000705600000, 0x0000000705700000|  0%| F|  |TAMS 0x0000000705600000, 0x0000000705600000| Untracked 
|  37|0x0000000705700000, 0x0000000705700000, 0x0000000705800000|  0%| F|  |TAMS 0x0000000705700000, 0x0000000705700000| Untracked 
|  38|0x0000000705800000, 0x0000000705800000, 0x0000000705900000|  0%| F|  |TAMS 0x0000000705800000, 0x0000000705800000| Untracked 
|  39|0x0000000705900000, 0x0000000705900000, 0x0000000705a00000|  0%| F|  |TAMS 0x0000000705900000, 0x0000000705900000| Untracked 
|  40|0x0000000705a00000, 0x0000000705a00000, 0x0000000705b00000|  0%| F|  |TAMS 0x0000000705a00000, 0x0000000705a00000| Untracked 
|  41|0x0000000705b00000, 0x0000000705b00000, 0x0000000705c00000|  0%| F|  |TAMS 0x0000000705b00000, 0x0000000705b00000| Untracked 
|  42|0x0000000705c00000, 0x0000000705c00000, 0x0000000705d00000|  0%| F|  |TAMS 0x0000000705c00000, 0x0000000705c00000| Untracked 
|  43|0x0000000705d00000, 0x0000000705d00000, 0x0000000705e00000|  0%| F|  |TAMS 0x0000000705d00000, 0x0000000705d00000| Untracked 
|  44|0x0000000705e00000, 0x0000000705e00000, 0x0000000705f00000|  0%| F|  |TAMS 0x0000000705e00000, 0x0000000705e00000| Untracked 
|  45|0x0000000705f00000, 0x0000000705f00000, 0x0000000706000000|  0%| F|  |TAMS 0x0000000705f00000, 0x0000000705f00000| Untracked 
|  46|0x0000000706000000, 0x0000000706081bb8, 0x0000000706100000| 50%| E|  |TAMS 0x0000000706000000, 0x0000000706000000| Complete 
|  47|0x0000000706100000, 0x0000000706200000, 0x0000000706200000|100%| E|CS|TAMS 0x0000000706100000, 0x0000000706100000| Complete 
|  48|0x0000000706200000, 0x0000000706300000, 0x0000000706300000|100%| E|CS|TAMS 0x0000000706200000, 0x0000000706200000| Complete 
|  49|0x0000000706300000, 0x0000000706400000, 0x0000000706400000|100%| E|CS|TAMS 0x0000000706300000, 0x0000000706300000| Complete 
|  50|0x0000000706400000, 0x0000000706500000, 0x0000000706500000|100%| E|CS|TAMS 0x0000000706400000, 0x0000000706400000| Complete 
|  51|0x0000000706500000, 0x0000000706600000, 0x0000000706600000|100%| E|CS|TAMS 0x0000000706500000, 0x0000000706500000| Complete 
|  52|0x0000000706600000, 0x0000000706700000, 0x0000000706700000|100%| E|CS|TAMS 0x0000000706600000, 0x0000000706600000| Complete 
|  53|0x0000000706700000, 0x0000000706800000, 0x0000000706800000|100%| E|CS|TAMS 0x0000000706700000, 0x0000000706700000| Complete 
|  54|0x0000000706800000, 0x0000000706900000, 0x0000000706900000|100%| E|CS|TAMS 0x0000000706800000, 0x0000000706800000| Complete 
|  55|0x0000000706900000, 0x0000000706a00000, 0x0000000706a00000|100%| E|CS|TAMS 0x0000000706900000, 0x0000000706900000| Complete 
|  56|0x0000000706a00000, 0x0000000706b00000, 0x0000000706b00000|100%| E|CS|TAMS 0x0000000706a00000, 0x0000000706a00000| Complete 
|  57|0x0000000706b00000, 0x0000000706c00000, 0x0000000706c00000|100%| E|CS|TAMS 0x0000000706b00000, 0x0000000706b00000| Complete 
|  58|0x0000000706c00000, 0x0000000706d00000, 0x0000000706d00000|100%| E|CS|TAMS 0x0000000706c00000, 0x0000000706c00000| Complete 
|  59|0x0000000706d00000, 0x0000000706e00000, 0x0000000706e00000|100%| E|CS|TAMS 0x0000000706d00000, 0x0000000706d00000| Complete 
|  60|0x0000000706e00000, 0x0000000706f00000, 0x0000000706f00000|100%| E|CS|TAMS 0x0000000706e00000, 0x0000000706e00000| Complete 
|  61|0x0000000706f00000, 0x0000000707000000, 0x0000000707000000|100%| E|CS|TAMS 0x0000000706f00000, 0x0000000706f00000| Complete 
|  62|0x0000000707000000, 0x0000000707100000, 0x0000000707100000|100%| E|CS|TAMS 0x0000000707000000, 0x0000000707000000| Complete 
|  63|0x0000000707100000, 0x0000000707200000, 0x0000000707200000|100%| E|CS|TAMS 0x0000000707100000, 0x0000000707100000| Complete 
|  64|0x0000000707200000, 0x0000000707300000, 0x0000000707300000|100%| E|CS|TAMS 0x0000000707200000, 0x0000000707200000| Complete 
|  65|0x0000000707300000, 0x0000000707400000, 0x0000000707400000|100%| E|CS|TAMS 0x0000000707300000, 0x0000000707300000| Complete 
|  66|0x0000000707400000, 0x0000000707500000, 0x0000000707500000|100%| E|CS|TAMS 0x0000000707400000, 0x0000000707400000| Complete 
|  67|0x0000000707500000, 0x0000000707600000, 0x0000000707600000|100%| E|CS|TAMS 0x0000000707500000, 0x0000000707500000| Complete 
|  68|0x0000000707600000, 0x0000000707700000, 0x0000000707700000|100%| E|CS|TAMS 0x0000000707600000, 0x0000000707600000| Complete 
|  69|0x0000000707700000, 0x0000000707800000, 0x0000000707800000|100%| E|CS|TAMS 0x0000000707700000, 0x0000000707700000| Complete 
|  70|0x0000000707800000, 0x0000000707900000, 0x0000000707900000|100%| E|CS|TAMS 0x0000000707800000, 0x0000000707800000| Complete 
|  71|0x0000000707900000, 0x0000000707a00000, 0x0000000707a00000|100%| E|CS|TAMS 0x0000000707900000, 0x0000000707900000| Complete 
|  72|0x0000000707a00000, 0x0000000707b00000, 0x0000000707b00000|100%| E|CS|TAMS 0x0000000707a00000, 0x0000000707a00000| Complete 
|  73|0x0000000707b00000, 0x0000000707c00000, 0x0000000707c00000|100%| E|CS|TAMS 0x0000000707b00000, 0x0000000707b00000| Complete 
|  74|0x0000000707c00000, 0x0000000707d00000, 0x0000000707d00000|100%| E|CS|TAMS 0x0000000707c00000, 0x0000000707c00000| Complete 
|  75|0x0000000707d00000, 0x0000000707e00000, 0x0000000707e00000|100%| E|CS|TAMS 0x0000000707d00000, 0x0000000707d00000| Complete 
|  76|0x0000000707e00000, 0x0000000707f00000, 0x0000000707f00000|100%| E|CS|TAMS 0x0000000707e00000, 0x0000000707e00000| Complete 
|  77|0x0000000707f00000, 0x0000000708000000, 0x0000000708000000|100%| E|CS|TAMS 0x0000000707f00000, 0x0000000707f00000| Complete 
|  78|0x0000000708000000, 0x0000000708100000, 0x0000000708100000|100%| E|CS|TAMS 0x0000000708000000, 0x0000000708000000| Complete 
|  79|0x0000000708100000, 0x0000000708200000, 0x0000000708200000|100%| E|CS|TAMS 0x0000000708100000, 0x0000000708100000| Complete 
|  80|0x0000000708200000, 0x0000000708300000, 0x0000000708300000|100%| E|CS|TAMS 0x0000000708200000, 0x0000000708200000| Complete 
|  81|0x0000000708300000, 0x0000000708400000, 0x0000000708400000|100%| E|CS|TAMS 0x0000000708300000, 0x0000000708300000| Complete 
|  82|0x0000000708400000, 0x0000000708500000, 0x0000000708500000|100%| E|CS|TAMS 0x0000000708400000, 0x0000000708400000| Complete 
|  83|0x0000000708500000, 0x0000000708600000, 0x0000000708600000|100%| E|CS|TAMS 0x0000000708500000, 0x0000000708500000| Complete 
|  84|0x0000000708600000, 0x0000000708700000, 0x0000000708700000|100%| E|CS|TAMS 0x0000000708600000, 0x0000000708600000| Complete 
|  85|0x0000000708700000, 0x0000000708800000, 0x0000000708800000|100%| E|CS|TAMS 0x0000000708700000, 0x0000000708700000| Complete 
|  86|0x0000000708800000, 0x0000000708900000, 0x0000000708900000|100%| E|CS|TAMS 0x0000000708800000, 0x0000000708800000| Complete 
|  87|0x0000000708900000, 0x0000000708a00000, 0x0000000708a00000|100%| E|CS|TAMS 0x0000000708900000, 0x0000000708900000| Complete 
|  88|0x0000000708a00000, 0x0000000708b00000, 0x0000000708b00000|100%| E|CS|TAMS 0x0000000708a00000, 0x0000000708a00000| Complete 
|  89|0x0000000708b00000, 0x0000000708c00000, 0x0000000708c00000|100%| E|CS|TAMS 0x0000000708b00000, 0x0000000708b00000| Complete 
|  90|0x0000000708c00000, 0x0000000708d00000, 0x0000000708d00000|100%| E|CS|TAMS 0x0000000708c00000, 0x0000000708c00000| Complete 
|  91|0x0000000708d00000, 0x0000000708e00000, 0x0000000708e00000|100%| E|CS|TAMS 0x0000000708d00000, 0x0000000708d00000| Complete 
| 129|0x000000070b300000, 0x000000070b3c3c48, 0x000000070b400000| 76%| S|CS|TAMS 0x000000070b300000, 0x000000070b300000| Complete 
| 130|0x000000070b400000, 0x000000070b500000, 0x000000070b500000|100%| S|CS|TAMS 0x000000070b400000, 0x000000070b400000| Complete 
| 131|0x000000070b500000, 0x000000070b600000, 0x000000070b600000|100%| S|CS|TAMS 0x000000070b500000, 0x000000070b500000| Complete 
| 132|0x000000070b600000, 0x000000070b700000, 0x000000070b700000|100%| S|CS|TAMS 0x000000070b600000, 0x000000070b600000| Complete 
| 133|0x000000070b700000, 0x000000070b800000, 0x000000070b800000|100%| S|CS|TAMS 0x000000070b700000, 0x000000070b700000| Complete 
| 134|0x000000070b800000, 0x000000070b900000, 0x000000070b900000|100%| S|CS|TAMS 0x000000070b800000, 0x000000070b800000| Complete 
| 135|0x000000070b900000, 0x000000070ba00000, 0x000000070ba00000|100%| S|CS|TAMS 0x000000070b900000, 0x000000070b900000| Complete 
| 253|0x0000000712f00000, 0x0000000713000000, 0x0000000713000000|100%| E|CS|TAMS 0x0000000712f00000, 0x0000000712f00000| Complete 

Card table byte_map: [0x0000027cfaac0000,0x0000027cfb2b0000] _byte_map_base: 0x0000027cf72a7000

Marking Bits (Prev, Next): (CMBitMap*) 0x0000027cf9d195e8, (CMBitMap*) 0x0000027cf9d195a8
 Prev Bits: [0x0000027c976d0000, 0x0000027c9b608000)
 Next Bits: [0x0000027cfbaa0000, 0x0000027cff9d8000)

Polling page: 0x0000027cf7be0000

Metaspace:

Usage:
  Non-class:     54.20 MB capacity,    53.06 MB ( 98%) used,   935.47 KB (  2%) free+waste,   224.31 KB ( <1%) overhead. 
      Class:      8.96 MB capacity,     8.27 MB ( 92%) used,   605.34 KB (  7%) free+waste,   106.88 KB (  1%) overhead. 
       Both:     63.16 MB capacity,    61.33 MB ( 97%) used,     1.50 MB (  2%) free+waste,   331.19 KB ( <1%) overhead. 

Virtual space:
  Non-class space:       56.00 MB reserved,      54.25 MB ( 97%) committed 
      Class space:        1.00 GB reserved,       9.00 MB ( <1%) committed 
             Both:        1.05 GB reserved,      63.25 MB (  6%) committed 

Chunk freelists:
   Non-Class:  54.00 KB
       Class:  6.00 KB
        Both:  60.00 KB

MaxMetaspaceSize: 17179869184.00 GB
CompressedClassSpaceSize: 1.00 GB

CodeHeap 'non-profiled nmethods': size=120000Kb used=4830Kb max_used=4830Kb free=115169Kb
 bounds [0x0000027c901a0000, 0x0000027c90660000, 0x0000027c976d0000]
CodeHeap 'profiled nmethods': size=120000Kb used=10433Kb max_used=10433Kb free=109566Kb
 bounds [0x0000027c88c70000, 0x0000027c896b0000, 0x0000027c901a0000]
CodeHeap 'non-nmethods': size=5760Kb used=1398Kb max_used=1487Kb free=4361Kb
 bounds [0x0000027c886d0000, 0x0000027c88940000, 0x0000027c88c70000]
 total_blobs=7574 nmethods=4718 adapters=514
 compilation: enabled
              stopped_count=0, restarted_count=0
 full_count=0

Compilation events (20 events):
Event: 7.224 Thread 0x0000027c9f2e3800 nmethod 5243 0x0000027c90652d90 code [0x0000027c90652f00, 0x0000027c90653338]
Event: 7.224 Thread 0x0000027c9f2e3800 5235       4       java.util.concurrent.ConcurrentHashMap$Node::<init> (20 bytes)
Event: 7.225 Thread 0x0000027c9da23000 5368   !   3       java.util.regex.Pattern::RemoveQEQuoting (367 bytes)
Event: 7.225 Thread 0x0000027c9f2e3800 nmethod 5235 0x0000027c90653410 code [0x0000027c90653580, 0x0000027c906537b8]
Event: 7.225 Thread 0x0000027c9f2e3800 5253       4       java.util.AbstractMap::<init> (5 bytes)
Event: 7.225 Thread 0x0000027c9f2e3800 nmethod 5253 0x0000027c90653810 code [0x0000027c90653980, 0x0000027c906539f8]
Event: 7.225 Thread 0x0000027c9f2e3800 4976       4       org.springframework.core.annotation.TypeMappedAnnotations::access$100 (7 bytes)
Event: 7.226 Thread 0x0000027c9da23000 nmethod 5368 0x0000027c89699e90 code [0x0000027c8969a1a0, 0x0000027c8969b7e8]
Event: 7.233 Thread 0x0000027c9f2e3800 nmethod 4976 0x0000027c90653e10 code [0x0000027c90654100, 0x0000027c90654eb8]
Event: 7.233 Thread 0x0000027c9f2e3800 4977       4       org.springframework.core.annotation.TypeMappedAnnotations::isMappingForType (41 bytes)
Event: 7.241 Thread 0x0000027c9f2e3800 nmethod 4977 0x0000027c90655610 code [0x0000027c90655900, 0x0000027c906565f8]
Event: 7.241 Thread 0x0000027c9f2e3800 5189       4       java.lang.Class::getDeclaredAnnotations (11 bytes)
Event: 7.246 Thread 0x0000027c9f2e3800 nmethod 5189 0x0000027c90656c10 code [0x0000027c90656e80, 0x0000027c906577e8]
Event: 7.246 Thread 0x0000027c9f2e3800 4972       4       org.springframework.core.annotation.AnnotationsScanner::processMethodAnnotations (98 bytes)
Event: 7.268 Thread 0x0000027c9da23000 5371       3       java.util.regex.Pattern::compile (500 bytes)
Event: 7.269 Thread 0x0000027c9da23000 nmethod 5371 0x0000027c8969c190 code [0x0000027c8969c660, 0x0000027c8969f868]
Event: 7.269 Thread 0x0000027c9da23000 5370       3       java.util.regex.Pattern$Node::study (21 bytes)
Event: 7.270 Thread 0x0000027c9da23000 nmethod 5370 0x0000027c896a0410 code [0x0000027c896a05c0, 0x0000027c896a0828]
Event: 7.270 Thread 0x0000027c9da23000 5372       3       java.util.regex.Pattern$TreeInfo::reset (21 bytes)
Event: 7.270 Thread 0x0000027c9da23000 nmethod 5372 0x0000027c896a0910 code [0x0000027c896a0aa0, 0x0000027c896a0bd8]

GC Heap History (20 events):
Event: 4.255 GC heap before
{Heap before GC invocations=17 (full 0):
 garbage-first heap   total 48128K, used 37735K [0x0000000703200000, 0x0000000800000000)
  region size 1024K, 19 young (19456K), 2 survivors (2048K)
 Metaspace       used 35405K, capacity 36548K, committed 36608K, reserved 1081344K
  class space    used 4629K, capacity 5069K, committed 5120K, reserved 1048576K
}
Event: 4.257 GC heap after
{Heap after GC invocations=18 (full 0):
 garbage-first heap   total 48128K, used 21521K [0x0000000703200000, 0x0000000800000000)
  region size 1024K, 1 young (1024K), 1 survivors (1024K)
 Metaspace       used 35405K, capacity 36548K, committed 36608K, reserved 1081344K
  class space    used 4629K, capacity 5069K, committed 5120K, reserved 1048576K
}
Event: 4.260 GC heap before
{Heap before GC invocations=18 (full 0):
 garbage-first heap   total 48128K, used 38929K [0x0000000703200000, 0x0000000800000000)
  region size 1024K, 19 young (19456K), 1 survivors (1024K)
 Metaspace       used 35405K, capacity 36548K, committed 36608K, reserved 1081344K
  class space    used 4629K, capacity 5069K, committed 5120K, reserved 1048576K
}
Event: 4.261 GC heap after
{Heap after GC invocations=19 (full 0):
 garbage-first heap   total 48128K, used 21369K [0x0000000703200000, 0x0000000800000000)
  region size 1024K, 1 young (1024K), 1 survivors (1024K)
 Metaspace       used 35405K, capacity 36548K, committed 36608K, reserved 1081344K
  class space    used 4629K, capacity 5069K, committed 5120K, reserved 1048576K
}
Event: 4.365 GC heap before
{Heap before GC invocations=19 (full 0):
 garbage-first heap   total 48128K, used 38777K [0x0000000703200000, 0x0000000800000000)
  region size 1024K, 19 young (19456K), 1 survivors (1024K)
 Metaspace       used 36113K, capacity 37284K, committed 37504K, reserved 1081344K
  class space    used 4691K, capacity 5145K, committed 5248K, reserved 1048576K
}
Event: 4.366 GC heap after
{Heap after GC invocations=20 (full 0):
 garbage-first heap   total 48128K, used 21767K [0x0000000703200000, 0x0000000800000000)
  region size 1024K, 2 young (2048K), 2 survivors (2048K)
 Metaspace       used 36113K, capacity 37284K, committed 37504K, reserved 1081344K
  class space    used 4691K, capacity 5145K, committed 5248K, reserved 1048576K
}
Event: 4.368 GC heap before
{Heap before GC invocations=20 (full 0):
 garbage-first heap   total 48128K, used 38151K [0x0000000703200000, 0x0000000800000000)
  region size 1024K, 19 young (19456K), 2 survivors (2048K)
 Metaspace       used 36113K, capacity 37284K, committed 37504K, reserved 1081344K
  class space    used 4691K, capacity 5145K, committed 5248K, reserved 1048576K
}
Event: 4.369 GC heap after
{Heap after GC invocations=21 (full 0):
 garbage-first heap   total 48128K, used 21802K [0x0000000703200000, 0x0000000800000000)
  region size 1024K, 2 young (2048K), 2 survivors (2048K)
 Metaspace       used 36113K, capacity 37284K, committed 37504K, reserved 1081344K
  class space    used 4691K, capacity 5145K, committed 5248K, reserved 1048576K
}
Event: 4.398 GC heap before
{Heap before GC invocations=21 (full 0):
 garbage-first heap   total 48128K, used 38186K [0x0000000703200000, 0x0000000800000000)
  region size 1024K, 19 young (19456K), 2 survivors (2048K)
 Metaspace       used 36257K, capacity 37412K, committed 37760K, reserved 1081344K
  class space    used 4705K, capacity 5145K, committed 5248K, reserved 1048576K
}
Event: 4.400 GC heap after
{Heap after GC invocations=22 (full 0):
 garbage-first heap   total 48128K, used 21786K [0x0000000703200000, 0x0000000800000000)
  region size 1024K, 2 young (2048K), 2 survivors (2048K)
 Metaspace       used 36257K, capacity 37412K, committed 37760K, reserved 1081344K
  class space    used 4705K, capacity 5145K, committed 5248K, reserved 1048576K
}
Event: 4.663 GC heap before
{Heap before GC invocations=22 (full 0):
 garbage-first heap   total 48128K, used 39194K [0x0000000703200000, 0x0000000800000000)
  region size 1024K, 19 young (19456K), 2 survivors (2048K)
 Metaspace       used 37959K, capacity 39260K, committed 39296K, reserved 1083392K
  class space    used 4969K, capacity 5471K, committed 5504K, reserved 1048576K
}
Event: 4.665 GC heap after
{Heap after GC invocations=23 (full 0):
 garbage-first heap   total 48128K, used 22547K [0x0000000703200000, 0x0000000800000000)
  region size 1024K, 2 young (2048K), 2 survivors (2048K)
 Metaspace       used 37959K, capacity 39260K, committed 39296K, reserved 1083392K
  class space    used 4969K, capacity 5471K, committed 5504K, reserved 1048576K
}
Event: 4.798 GC heap before
{Heap before GC invocations=23 (full 0):
 garbage-first heap   total 48128K, used 38931K [0x0000000703200000, 0x0000000800000000)
  region size 1024K, 19 young (19456K), 2 survivors (2048K)
 Metaspace       used 39682K, capacity 41087K, committed 41344K, reserved 1085440K
  class space    used 5187K, capacity 5740K, committed 5760K, reserved 1048576K
}
Event: 4.801 GC heap after
{Heap after GC invocations=24 (full 0):
 garbage-first heap   total 154624K, used 23272K [0x0000000703200000, 0x0000000800000000)
  region size 1024K, 2 young (2048K), 2 survivors (2048K)
 Metaspace       used 39682K, capacity 41087K, committed 41344K, reserved 1085440K
  class space    used 5187K, capacity 5740K, committed 5760K, reserved 1048576K
}
Event: 5.670 GC heap before
{Heap before GC invocations=24 (full 0):
 garbage-first heap   total 154624K, used 113384K [0x0000000703200000, 0x0000000800000000)
  region size 1024K, 90 young (92160K), 2 survivors (2048K)
 Metaspace       used 47976K, capacity 49389K, committed 49536K, reserved 1091584K
  class space    used 6413K, capacity 6970K, committed 7040K, reserved 1048576K
}
Event: 5.675 GC heap after
{Heap after GC invocations=25 (full 0):
 garbage-first heap   total 154624K, used 24969K [0x0000000703200000, 0x0000000800000000)
  region size 1024K, 4 young (4096K), 4 survivors (4096K)
 Metaspace       used 47976K, capacity 49389K, committed 49536K, reserved 1091584K
  class space    used 6413K, capacity 6970K, committed 7040K, reserved 1048576K
}
Event: 6.471 GC heap before
{Heap before GC invocations=25 (full 0):
 garbage-first heap   total 154624K, used 113033K [0x0000000703200000, 0x0000000800000000)
  region size 1024K, 90 young (92160K), 4 survivors (4096K)
 Metaspace       used 55410K, capacity 56963K, committed 57088K, reserved 1097728K
  class space    used 7526K, capacity 8124K, committed 8192K, reserved 1048576K
}
Event: 6.475 GC heap after
{Heap after GC invocations=26 (full 0):
 garbage-first heap   total 154624K, used 26540K [0x0000000703200000, 0x0000000800000000)
  region size 1024K, 6 young (6144K), 6 survivors (6144K)
 Metaspace       used 55410K, capacity 56963K, committed 57088K, reserved 1097728K
  class space    used 7526K, capacity 8124K, committed 8192K, reserved 1048576K
}
Event: 6.710 GC heap before
{Heap before GC invocations=26 (full 0):
 garbage-first heap   total 154624K, used 40876K [0x0000000703200000, 0x0000000800000000)
  region size 1024K, 21 young (21504K), 6 survivors (6144K)
 Metaspace       used 58557K, capacity 60108K, committed 60160K, reserved 1101824K
  class space    used 7865K, capacity 8442K, committed 8448K, reserved 1048576K
}
Event: 6.714 GC heap after
{Heap after GC invocations=27 (full 0):
 garbage-first heap   total 154624K, used 28175K [0x0000000703200000, 0x0000000800000000)
  region size 1024K, 7 young (7168K), 7 survivors (7168K)
 Metaspace       used 58557K, capacity 60108K, committed 60160K, reserved 1101824K
  class space    used 7865K, capacity 8442K, committed 8448K, reserved 1048576K
}

Deoptimization events (20 events):
Event: 7.188 Thread 0x0000027c9e87c800 DEOPT PACKING pc=0x0000027c90341354 sp=0x00000091cbefaac0
Event: 7.188 Thread 0x0000027c9e87c800 DEOPT UNPACKING pc=0x0000027c8871964e sp=0x00000091cbef9f38 mode 1
Event: 7.188 Thread 0x0000027c9e87c800 DEOPT PACKING pc=0x0000027c89140584 sp=0x00000091cbefab00
Event: 7.188 Thread 0x0000027c9e87c800 DEOPT UNPACKING pc=0x0000027c8871964e sp=0x00000091cbefa098 mode 1
Event: 7.188 Thread 0x0000027c9e87c800 DEOPT PACKING pc=0x0000027c903c0158 sp=0x00000091cbefa0c0
Event: 7.188 Thread 0x0000027c9e87c800 DEOPT UNPACKING pc=0x0000027c8871964e sp=0x00000091cbef9558 mode 1
Event: 7.188 Thread 0x0000027c9e87c800 DEOPT PACKING pc=0x0000027c90341354 sp=0x00000091cbefab70
Event: 7.188 Thread 0x0000027c9e87c800 DEOPT UNPACKING pc=0x0000027c8871964e sp=0x00000091cbefa000 mode 1
Event: 7.211 Thread 0x0000027c9e87c800 DEOPT PACKING pc=0x0000027c903c0158 sp=0x00000091cbef96f0
Event: 7.211 Thread 0x0000027c9e87c800 DEOPT UNPACKING pc=0x0000027c8871964e sp=0x00000091cbef8b88 mode 1
Event: 7.211 Thread 0x0000027c9e87c800 DEOPT PACKING pc=0x0000027c90341354 sp=0x00000091cbefa1a0
Event: 7.211 Thread 0x0000027c9e87c800 DEOPT UNPACKING pc=0x0000027c8871964e sp=0x00000091cbef9630 mode 1
Event: 7.211 Thread 0x0000027c9e87c800 DEOPT PACKING pc=0x0000027c903c0158 sp=0x00000091cbef96f0
Event: 7.211 Thread 0x0000027c9e87c800 DEOPT UNPACKING pc=0x0000027c8871964e sp=0x00000091cbef8b88 mode 1
Event: 7.211 Thread 0x0000027c9e87c800 DEOPT PACKING pc=0x0000027c90341354 sp=0x00000091cbefa1a0
Event: 7.211 Thread 0x0000027c9e87c800 DEOPT UNPACKING pc=0x0000027c8871964e sp=0x00000091cbef9630 mode 1
Event: 7.213 Thread 0x0000027c9e87c800 DEOPT PACKING pc=0x0000027c89240ebc sp=0x00000091cbefb4b0
Event: 7.213 Thread 0x0000027c9e87c800 DEOPT UNPACKING pc=0x0000027c8871964e sp=0x00000091cbefaa28 mode 1
Event: 7.213 Thread 0x0000027c9e87c800 DEOPT PACKING pc=0x0000027c9059425c sp=0x00000091cbefb5e0
Event: 7.213 Thread 0x0000027c9e87c800 DEOPT UNPACKING pc=0x0000027c8871964e sp=0x00000091cbefaaf0 mode 1

Classes unloaded (0 events):
No events

Classes redefined (0 events):
No events

Internal exceptions (20 events):
Event: 6.929 Thread 0x0000027c9e87c800 Exception <a 'java/lang/ClassNotFoundException'{0x00000007084516c0}: org/springframework/beans/factory/AwareCustomizer> (0x00000007084516c0) 
thrown [t:/workspace/open/src/hotspot/share/classfile/systemDictionary.cpp, line 226]
Event: 6.929 Thread 0x0000027c9e87c800 Exception <a 'java/lang/ClassNotFoundException'{0x000000070846d1b0}: org/springframework/beans/factory/BeanFactoryAwareCustomizer> (0x000000070846d1b0) 
thrown [t:/workspace/open/src/hotspot/share/classfile/systemDictionary.cpp, line 226]
Event: 6.930 Thread 0x0000027c9e87c800 Exception <a 'java/lang/ClassNotFoundException'{0x00000007084876c8}: org/springframework/beans/factory/AwareCustomizer> (0x00000007084876c8) 
thrown [t:/workspace/open/src/hotspot/share/classfile/systemDictionary.cpp, line 226]
Event: 6.930 Thread 0x0000027c9e87c800 Exception <a 'java/lang/ClassNotFoundException'{0x00000007084a4f50}: org/springframework/context/ApplicationEventPublisherAwareCustomizer> (0x00000007084a4f50) 
thrown [t:/workspace/open/src/hotspot/share/classfile/systemDictionary.cpp, line 226]
Event: 6.930 Thread 0x0000027c9e87c800 Exception <a 'java/lang/ClassNotFoundException'{0x00000007084bf1e0}: org/springframework/beans/factory/AwareCustomizer> (0x00000007084bf1e0) 
thrown [t:/workspace/open/src/hotspot/share/classfile/systemDictionary.cpp, line 226]
Event: 6.936 Thread 0x0000027c9e87c800 Exception <a 'java/lang/ClassNotFoundException'{0x00000007084fbc18}: java/lang/ObjectCustomizer> (0x00000007084fbc18) 
thrown [t:/workspace/open/src/hotspot/share/classfile/systemDictionary.cpp, line 226]
Event: 6.936 Thread 0x0000027c9e87c800 Exception <a 'java/lang/ClassNotFoundException'{0x000000070831d230}: org/springframework/core/io/support/PropertiesLoaderSupportCustomizer> (0x000000070831d230) 
thrown [t:/workspace/open/src/hotspot/share/classfile/systemDictionary.cpp, line 226]
Event: 6.937 Thread 0x0000027c9e87c800 Exception <a 'java/lang/ClassNotFoundException'{0x0000000708343e50}: org/springframework/beans/factory/config/PropertiesFactoryBeanCustomizer> (0x0000000708343e50) 
thrown [t:/workspace/open/src/hotspot/share/classfile/systemDictionary.cpp, line 226]
Event: 6.938 Thread 0x0000027c9e87c800 Exception <a 'java/lang/ClassNotFoundException'{0x000000070836f170}: org/springframework/beans/factory/FactoryBeanCustomizer> (0x000000070836f170) 
thrown [t:/workspace/open/src/hotspot/share/classfile/systemDictionary.cpp, line 226]
Event: 6.939 Thread 0x0000027c9e87c800 Exception <a 'java/lang/ClassNotFoundException'{0x000000070838d8c0}: org/springframework/beans/factory/InitializingBeanCustomizer> (0x000000070838d8c0) 
thrown [t:/workspace/open/src/hotspot/share/classfile/systemDictionary.cpp, line 226]
Event: 7.076 Thread 0x0000027c9e87c800 Exception <a 'java/lang/ClassNotFoundException'{0x000000070730f680}: java/lang/ObjectCustomizer> (0x000000070730f680) 
thrown [t:/workspace/open/src/hotspot/share/classfile/systemDictionary.cpp, line 226]
Event: 7.076 Thread 0x0000027c9e87c800 Exception <a 'java/lang/ClassNotFoundException'{0x000000070732e860}: com/devsuperior/hrprocess/entities/LogsForDayCustomizer> (0x000000070732e860) 
thrown [t:/workspace/open/src/hotspot/share/classfile/systemDictionary.cpp, line 226]
Event: 7.109 Thread 0x0000027c9e87c800 Exception <a 'java/lang/ClassNotFoundException'{0x00000007071378c8}: java/lang/ObjectCustomizer> (0x00000007071378c8) 
thrown [t:/workspace/open/src/hotspot/share/classfile/systemDictionary.cpp, line 226]
Event: 7.110 Thread 0x0000027c9e87c800 Exception <a 'java/lang/ClassNotFoundException'{0x0000000707157c18}: com/devsuperior/hrprocess/entities/LogsForDayTimeCustomizer> (0x0000000707157c18) 
thrown [t:/workspace/open/src/hotspot/share/classfile/systemDictionary.cpp, line 226]
Event: 7.153 Thread 0x0000027c9e87c800 Exception <a 'java/lang/IncompatibleClassChangeError'{0x0000000706ee8da8}: Found class java.lang.Object, but interface was expected> (0x0000000706ee8da8) 
thrown [t:/workspace/open/src/hotspot/share/interpreter/linkResolver.cpp, line 832]
Event: 7.160 Thread 0x0000027c9e87c800 Exception <a 'java/lang/NoSuchMethodError'{0x0000000706d69c90}: 'void java.lang.invoke.DirectMethodHandle$Holder.invokeSpecial(java.lang.Object, java.lang.Object, java.lang.Object, java.lang.Object, java.lang.Object, java.lang.Object, java.lang.Object)'> (0x0000000706d69c90) 
thrown [t:/workspace/open/src/hotspot/share/interpreter/linkResolver.cpp, line 766]
Event: 7.213 Thread 0x0000027c9e87c800 Exception <a 'java/lang/reflect/InvocationTargetException'{0x00000007067d3550}> (0x00000007067d3550) 
thrown [t:/workspace/open/src/hotspot/share/runtime/reflection.cpp, line 1188]
Event: 7.226 Thread 0x0000027c9e87c800 Exception <a 'java/lang/NoSuchMethodError'{0x00000007066e5228}: 'java.lang.Object java.lang.invoke.DirectMethodHandle$Holder.invokeStatic(java.lang.Object, java.lang.Object, int, java.lang.Object)'> (0x00000007066e5228) 
thrown [t:/workspace/open/src/hotspot/share/interpreter/linkResolver.cpp, line 766]
Event: 7.226 Thread 0x0000027c9e87c800 Exception <a 'java/lang/NoSuchMethodError'{0x00000007066eb820}: 'java.lang.Object java.lang.invoke.Invokers$Holder.linkToTargetMethod(java.lang.Object, int, java.lang.Object)'> (0x00000007066eb820) 
thrown [t:/workspace/open/src/hotspot/share/interpreter/linkResolver.cpp, line 766]
Event: 7.232 Thread 0x0000027c9e87c800 Exception <a 'java/lang/IncompatibleClassChangeError'{0x00000007065547a8}: Found class java.lang.Object, but interface was expected> (0x00000007065547a8) 
thrown [t:/workspace/open/src/hotspot/share/interpreter/linkResolver.cpp, line 832]

Events (20 events):
Event: 7.278 loading class org/hibernate/query/criteria/internal/expression/function/BasicFunctionExpression
Event: 7.278 loading class org/hibernate/query/criteria/internal/expression/function/BasicFunctionExpression done
Event: 7.279 loading class org/springframework/data/jpa/repository/query/ParameterBinderFactory
Event: 7.279 loading class org/springframework/data/jpa/repository/query/ParameterBinderFactory done
Event: 7.280 loading class org/springframework/data/jpa/repository/query/QueryParameterSetterFactory
Event: 7.280 loading class org/springframework/data/jpa/repository/query/QueryParameterSetterFactory done
Event: 7.280 loading class org/springframework/data/jpa/repository/query/QueryParameterSetterFactory$BasicQueryParameterSetterFactory
Event: 7.280 loading class org/springframework/data/jpa/repository/query/QueryParameterSetterFactory$BasicQueryParameterSetterFactory done
Event: 7.281 loading class org/springframework/data/jpa/repository/query/QueryParameterSetterFactory$CriteriaQueryParameterSetterFactory
Event: 7.281 loading class org/springframework/data/jpa/repository/query/QueryParameterSetterFactory$CriteriaQueryParameterSetterFactory done
Event: 7.281 loading class org/springframework/data/jpa/repository/query/QueryParameterSetter
Event: 7.281 loading class org/springframework/data/jpa/repository/query/QueryParameterSetter done
Event: 7.282 loading class org/springframework/data/jpa/repository/query/QueryParameterSetterFactory$ExpressionBasedQueryParameterSetterFactory
Event: 7.282 loading class org/springframework/data/jpa/repository/query/QueryParameterSetterFactory$ExpressionBasedQueryParameterSetterFactory done
Event: 7.282 loading class org/springframework/data/jpa/repository/query/StringQuery$ParameterBinding
Event: 7.282 loading class org/springframework/data/jpa/repository/query/StringQuery$ParameterBinding done
Event: 7.283 loading class org/springframework/data/jpa/repository/query/QueryParameterSetterFactory$CriteriaQueryParameterSetterFactory
Event: 7.283 loading class org/springframework/data/jpa/repository/query/QueryParameterSetterFactory$CriteriaQueryParameterSetterFactory done
Event: 7.283 loading class org/springframework/data/jpa/repository/query/StringQuery$ParameterBinding
Event: 7.283 loading class org/springframework/data/jpa/repository/query/StringQuery$ParameterBinding done


Dynamic libraries:
0x00007ff6532b0000 - 0x00007ff6532bf000 	C:\Program Files\Java\jdk-14\bin\java.exe
0x00007ffbdc250000 - 0x00007ffbdc445000 	C:\Windows\SYSTEM32\ntdll.dll
0x00007ffbdbc10000 - 0x00007ffbdbcce000 	C:\Windows\System32\KERNEL32.DLL
0x00007ffbd9de0000 - 0x00007ffbda0a8000 	C:\Windows\System32\KERNELBASE.dll
0x00007ffbd9b30000 - 0x00007ffbd9c30000 	C:\Windows\System32\ucrtbase.dll
0x00007ffbd13c0000 - 0x00007ffbd13d5000 	C:\Program Files\Java\jdk-14\bin\VCRUNTIME140.dll
0x00007ffbd1fe0000 - 0x00007ffbd1ff8000 	C:\Program Files\Java\jdk-14\bin\jli.dll
0x00007ffbdc0e0000 - 0x00007ffbdc18e000 	C:\Windows\System32\ADVAPI32.dll
0x00007ffbda3b0000 - 0x00007ffbda44e000 	C:\Windows\System32\msvcrt.dll
0x00007ffbda450000 - 0x00007ffbda4ec000 	C:\Windows\System32\sechost.dll
0x00007ffbdaac0000 - 0x00007ffbdabe5000 	C:\Windows\System32\RPCRT4.dll
0x00007ffbdbcd0000 - 0x00007ffbdbe70000 	C:\Windows\System32\USER32.dll
0x00007ffbd9b00000 - 0x00007ffbd9b22000 	C:\Windows\System32\win32u.dll
0x00007ffbc4940000 - 0x00007ffbc4bda000 	C:\Windows\WinSxS\amd64_microsoft.windows.common-controls_6595b64144ccf1df_6.0.19041.1110_none_60b5254171f9507e\COMCTL32.dll
0x00007ffbdac00000 - 0x00007ffbdac2b000 	C:\Windows\System32\GDI32.dll
0x00007ffbd9cd0000 - 0x00007ffbd9ddd000 	C:\Windows\System32\gdi32full.dll
0x00007ffbd9c30000 - 0x00007ffbd9ccd000 	C:\Windows\System32\msvcp_win.dll
0x00007ffbd31e0000 - 0x00007ffbd31ea000 	C:\Windows\SYSTEM32\VERSION.dll
0x00007ffbda4f0000 - 0x00007ffbda520000 	C:\Windows\System32\IMM32.DLL
0x00007ffb9c120000 - 0x00007ffb9c1bb000 	C:\Program Files\Java\jdk-14\bin\msvcp140.dll
0x00007ffb8da00000 - 0x00007ffb8e51f000 	C:\Program Files\Java\jdk-14\bin\server\jvm.dll
0x00007ffbdbff0000 - 0x00007ffbdbff8000 	C:\Windows\System32\PSAPI.DLL
0x00007ffbcdb70000 - 0x00007ffbcdb97000 	C:\Windows\SYSTEM32\WINMM.dll
0x00007ffbc3f20000 - 0x00007ffbc3f29000 	C:\Windows\SYSTEM32\WSOCK32.dll
0x00007ffbdbf80000 - 0x00007ffbdbfeb000 	C:\Windows\System32\WS2_32.dll
0x00007ffbd7830000 - 0x00007ffbd7842000 	C:\Windows\SYSTEM32\kernel.appcore.dll
0x00007ffbd1f10000 - 0x00007ffbd1f1a000 	C:\Program Files\Java\jdk-14\bin\jimage.dll
0x00007ffbd2fb0000 - 0x00007ffbd3194000 	C:\Windows\SYSTEM32\DBGHELP.DLL
0x00007ffbc2170000 - 0x00007ffbc219c000 	C:\Windows\SYSTEM32\dbgcore.DLL
0x00007ffbda0b0000 - 0x00007ffbda132000 	C:\Windows\System32\bcryptPrimitives.dll
0x00007ffba3a30000 - 0x00007ffba3a68000 	C:\Program Files\Java\jdk-14\bin\jdwp.dll
0x00007ffbb84e0000 - 0x00007ffbb8505000 	C:\Program Files\Java\jdk-14\bin\java.dll
0x00007ffbd1320000 - 0x00007ffbd132e000 	C:\Program Files\Java\jdk-14\bin\instrument.dll
0x00007ffbc6da0000 - 0x00007ffbc6db7000 	C:\Program Files\Java\jdk-14\bin\zip.dll
0x00007ffbdb0d0000 - 0x00007ffbdb814000 	C:\Windows\System32\SHELL32.dll
0x00007ffbd7a30000 - 0x00007ffbd81c4000 	C:\Windows\SYSTEM32\windows.storage.dll
0x00007ffbdb8b0000 - 0x00007ffbdbc05000 	C:\Windows\System32\combase.dll
0x00007ffbd9200000 - 0x00007ffbd922e000 	C:\Windows\SYSTEM32\Wldp.dll
0x00007ffbdbed0000 - 0x00007ffbdbf7d000 	C:\Windows\System32\SHCORE.dll
0x00007ffbdaf30000 - 0x00007ffbdaf85000 	C:\Windows\System32\shlwapi.dll
0x00007ffbd98a0000 - 0x00007ffbd98bf000 	C:\Windows\SYSTEM32\profapi.dll
0x00007ffbc6dd0000 - 0x00007ffbc6ddb000 	C:\Program Files\Java\jdk-14\bin\dt_socket.dll
0x00007ffbd8cf0000 - 0x00007ffbd8d2b000 	C:\Windows\SYSTEM32\IPHLPAPI.DLL
0x00007ffbd8fe0000 - 0x00007ffbd904a000 	C:\Windows\system32\mswsock.dll
0x00007ffbc6750000 - 0x00007ffbc6769000 	C:\Program Files\Java\jdk-14\bin\net.dll
0x00007ffbd26b0000 - 0x00007ffbd27bc000 	C:\Windows\SYSTEM32\WINHTTP.dll
0x00007ffbc5330000 - 0x00007ffbc5342000 	C:\Program Files\Java\jdk-14\bin\nio.dll
0x00007ffbd0700000 - 0x00007ffbd0710000 	C:\Program Files\Java\jdk-14\bin\verify.dll
0x00007ffbcfe40000 - 0x00007ffbcfe49000 	C:\Program Files\Java\jdk-14\bin\management.dll
0x00007ffbcdee0000 - 0x00007ffbcdeeb000 	C:\Program Files\Java\jdk-14\bin\management_ext.dll
0x00007ffbc2470000 - 0x00007ffbc2487000 	C:\Windows\system32\napinsp.dll
0x00007ffbc24c0000 - 0x00007ffbc24db000 	C:\Windows\system32\pnrpnsp.dll
0x00007ffbd31c0000 - 0x00007ffbd31d5000 	C:\Windows\system32\wshbth.dll
0x00007ffbd54c0000 - 0x00007ffbd54dd000 	C:\Windows\system32\NLAapi.dll
0x00007ffbd8d30000 - 0x00007ffbd8dfb000 	C:\Windows\SYSTEM32\DNSAPI.dll
0x00007ffbdabf0000 - 0x00007ffbdabf8000 	C:\Windows\System32\NSI.dll
0x00007ffbc24a0000 - 0x00007ffbc24b2000 	C:\Windows\System32\winrnr.dll
0x00007ffbcc8f0000 - 0x00007ffbcc8fa000 	C:\Windows\System32\rasadhlp.dll
0x00007ffbcc3f0000 - 0x00007ffbcc46f000 	C:\Windows\System32\fwpuclnt.dll
0x00007ffbd9a10000 - 0x00007ffbd9a37000 	C:\Windows\System32\bcrypt.dll
0x00007ffbd9240000 - 0x00007ffbd9258000 	C:\Windows\SYSTEM32\CRYPTSP.dll
0x00007ffbd8980000 - 0x00007ffbd89b4000 	C:\Windows\system32\rsaenh.dll
0x00007ffbd9860000 - 0x00007ffbd988e000 	C:\Windows\SYSTEM32\USERENV.dll
0x00007ffbd9170000 - 0x00007ffbd917c000 	C:\Windows\SYSTEM32\CRYPTBASE.dll
0x00007ffbd2450000 - 0x00007ffbd2467000 	C:\Windows\SYSTEM32\dhcpcsvc6.DLL
0x00007ffbd23c0000 - 0x00007ffbd23dd000 	C:\Windows\SYSTEM32\dhcpcsvc.DLL
0x00007ffbb84b0000 - 0x00007ffbb84d5000 	C:\Program Files\Java\jdk-14\bin\sunec.dll
0x00007ffbcbb90000 - 0x00007ffbcbb9e000 	C:\Program Files\Java\jdk-14\bin\sunmscapi.dll
0x00007ffbda140000 - 0x00007ffbda296000 	C:\Windows\System32\CRYPT32.dll
0x00007ffbd92d0000 - 0x00007ffbd92f7000 	C:\Windows\SYSTEM32\ncrypt.dll
0x00007ffbd9280000 - 0x00007ffbd92bb000 	C:\Windows\SYSTEM32\NTASN1.dll

dbghelp: loaded successfully - version: 4.0.5 - missing functions: none
symbol engine: initialized successfully - sym options: 0x614 - pdb path: .;C:\Program Files\Java\jdk-14\bin;C:\Windows\SYSTEM32;C:\Windows\WinSxS\amd64_microsoft.windows.common-controls_6595b64144ccf1df_6.0.19041.1110_none_60b5254171f9507e;C:\Program Files\Java\jdk-14\bin\server

VM Arguments:
jvm_args: -agentlib:jdwp=transport=dt_socket,address=127.0.0.1:61605,suspend=y,server=n -javaagent:C:\Users\niore\AppData\Local\JetBrains\IdeaIC2021.2\captureAgent\debugger-agent.jar -Dfile.encoding=UTF-8 
java_command: com.devsuperior.hrprocess.HrProcessApplication
java_class_path (initial): C:\Users\niore\Documents\workspace-spring-tool\hr-process\target\classes;C:\Users\niore\.m2\repository\org\springframework\boot\spring-boot-starter-actuator\2.6.3\spring-boot-starter-actuator-2.6.3.jar;C:\Users\niore\.m2\repository\org\springframework\boot\spring-boot-starter\2.6.3\spring-boot-starter-2.6.3.jar;C:\Users\niore\.m2\repository\org\springframework\boot\spring-boot-starter-logging\2.6.3\spring-boot-starter-logging-2.6.3.jar;C:\Users\niore\.m2\repository\ch\qos\logback\logback-classic\1.2.10\logback-classic-1.2.10.jar;C:\Users\niore\.m2\repository\ch\qos\logback\logback-core\1.2.10\logback-core-1.2.10.jar;C:\Users\niore\.m2\repository\org\apache\logging\log4j\log4j-to-slf4j\2.17.1\log4j-to-slf4j-2.17.1.jar;C:\Users\niore\.m2\repository\org\apache\logging\log4j\log4j-api\2.17.1\log4j-api-2.17.1.jar;C:\Users\niore\.m2\repository\org\slf4j\jul-to-slf4j\1.7.33\jul-to-slf4j-1.7.33.jar;C:\Users\niore\.m2\repository\jakarta\annotation\jakarta.annotation-api\1.3.5\jakarta.annotation-api-1.3.5.jar;C:\Users\niore\.m2\repository\org\yaml\snakeyaml\1.29\snakeyaml-1.29.jar;C:\Users\niore\.m2\repository\org\springframework\boot\spring-boot-actuator-autoconfigure\2.6.3\spring-boot-actuator-autoconfigure-2.6.3.jar;C:\Users\niore\.m2\repository\org\springframework\boot\spring-boot-actuator\2.6.3\spring-boot-actuator-2.6.3.jar;C:\Users\niore\.m2\repository\com\fasterxml\jackson\core\jackson-databind\2.13.1\jackson-databind-2.13.1.jar;C:\Users\niore\.m2\repository\com\fasterxml\jackson\core\jackson-annotations\2.13.1\jackson-annotations-2.13.1.jar;C:\Users\niore\.m2\repository\com\fasterxml\jackson\core\jackson-core\2.13.1\jackson-core-2.13.1.jar;C:\Users\niore\.m2\repository\com\fasterxml\jackson\datatype\jackson-datatype-jsr310\2.13.1\jackson-datatype-jsr310-2.13.1.jar;C:\Users\niore\.m2\repository\io\micrometer\micrometer-core\1.8.2\micrometer-core-1.8.2.jar;C:\Users\niore\.m2\repository\org\hdrhistogram\HdrHistogram\2.1.12\HdrHistogram-2.1.1
Launcher Type: SUN_STANDARD

[Global flags]
     intx CICompilerCount                          = 4                                         {product} {ergonomic}
     uint ConcGCThreads                            = 3                                         {product} {ergonomic}
     uint G1ConcRefinementThreads                  = 10                                        {product} {ergonomic}
   size_t G1HeapRegionSize                         = 1048576                                   {product} {ergonomic}
    uintx GCDrainStackTargetSize                   = 64                                        {product} {ergonomic}
   size_t InitialHeapSize                          = 266338304                                 {product} {ergonomic}
   size_t MarkStackSize                            = 4194304                                   {product} {ergonomic}
   size_t MaxHeapSize                              = 4242538496                                {product} {ergonomic}
   size_t MaxNewSize                               = 2544893952                                {product} {ergonomic}
   size_t MinHeapDeltaBytes                        = 1048576                                   {product} {ergonomic}
   size_t MinHeapSize                              = 8388608                                   {product} {ergonomic}
    uintx NonNMethodCodeHeapSize                   = 5839372                                {pd product} {ergonomic}
    uintx NonProfiledCodeHeapSize                  = 122909434                              {pd product} {ergonomic}
    uintx ProfiledCodeHeapSize                     = 122909434                              {pd product} {ergonomic}
    uintx ReservedCodeCacheSize                    = 251658240                              {pd product} {ergonomic}
     bool SegmentedCodeCache                       = true                                      {product} {ergonomic}
   size_t SoftMaxHeapSize                          = 4242538496                             {manageable} {ergonomic}
     bool UseCompressedClassPointers               = true                                 {lp64_product} {ergonomic}
     bool UseCompressedOops                        = true                                 {lp64_product} {ergonomic}
     bool UseG1GC                                  = true                                      {product} {ergonomic}
     bool UseLargePagesIndividualAllocation        = false                                  {pd product} {ergonomic}

Logging:
Log output configuration:
 #0: stdout all=warning uptime,level,tags
 #1: stderr all=off uptime,level,tags

Environment Variables:
JAVA_HOME=C:\Program Files\Java\jdk-14\bin
PATH=C:\Program Files\Common Files\Oracle\Java\javapath;C:\Program Files\Java\jdk-14\bin;C:\Program Files (x86)\Common Files\Oracle\Java\javapath;C:\Windows\system32;C:\Windows;C:\Windows\System32\Wbem;C:\Windows\System32\WindowsPowerShell\v1.0\;C:\Windows\System32\OpenSSH\;C:\Program Files\Docker\Docker\resources\bin;C:\ProgramData\DockerDesktop\version-bin;C:\Program Files\Git\cmd;C:\Program Files\Apache\apache-maven-3.8.1\bin;C:\Program Files (x86)\Microsoft SQL Server\150\DTS\Binn\;C:\Program Files\Azure Data Studio\bin;C:\Program Files\nodejs\;C:\Users\niore\AppData\Local\Microsoft\WindowsApps;;C:\Users\niore\AppData\Local\Programs\Microsoft VS Code\bin;C:\Program Files\Azure Data Studio\bin;C:\Users\niore\AppData\Roaming\npm
USERNAME=niore
OS=Windows_NT
PROCESSOR_IDENTIFIER=AMD64 Family 23 Model 96 Stepping 1, AuthenticAMD



---------------  S Y S T E M  ---------------

OS: Windows 10 , 64 bit Build 19041 (10.0.19041.1503)
OS uptime: 1 days 6:17 hours
HyperV virtualization detected

CPU:total 12 (initial active 12) (12 cores per cpu, 2 threads per core) family 23 model 96 stepping 1, cmov, cx8, fxsr, mmx, sse, sse2, sse3, ssse3, sse4.1, sse4.2, popcnt, avx, avx2, aes, clmul, mmxext, 3dnowpref, lzcnt, sse4a, ht, tsc, tscinvbit, tscinv, bmi1, bmi2, adx, sha, fma

Memory: 4k page, system-wide physical 16180M (3959M free)
TotalPageFile size 26420M (AvailPageFile size 5373M)
current process WorkingSet (physical memory assigned to process): 380M, peak: 388M
current process commit charge ("private bytes"): 430M, peak: 489M

vm_info: Java HotSpot(TM) 64-Bit Server VM (14+36-1461) for windows-amd64 JRE (14+36-1461), built on Feb  6 2020 19:08:04 by "mach5one" with MS VC++ 15.9 (VS2017)

END.
