#
# A fatal error has been detected by the Java Runtime Environment:
#
#  EXCEPTION_ACCESS_VIOLATION (0xc0000005) at pc=0x00007ffaf7b61830, pid=628, tid=4960
#
# JRE version: Java(TM) SE Runtime Environment (14.0+36) (build 14+36-1461)
# Java VM: Java HotSpot(TM) 64-Bit Server VM (14+36-1461, mixed mode, sharing, tiered, compressed oops, g1 gc, windows-amd64)
# Problematic frame:
# V  [jvm.dll+0x621830]
#
# No core dump will be written. Minidumps are not enabled by default on client versions of Windows
#
# If you would like to submit a bug report, please visit:
#   https://bugreport.java.com/bugreport/crash.jsp
#

---------------  S U M M A R Y ------------

Command Line: -javaagent:C:\Program Files\JetBrains\IntelliJ IDEA Community Edition 2021.2\lib\idea_rt.jar=54536:C:\Program Files\JetBrains\IntelliJ IDEA Community Edition 2021.2\bin -Dfile.encoding=UTF-8 com.devsuperior.hrworker.HrWorkerApplication

Host: AMD Ryzen 5 PRO 4650G with Radeon Graphics, 12 cores, 15G,  Windows 10 , 64 bit Build 19041 (10.0.19041.1466)
Time: Sat Feb  5 16:51:13 2022 Hora oficial do Brasil elapsed time: 3 seconds (0d 0h 0m 3s)

---------------  T H R E A D  ---------------

Current thread (0x000001b87714b000):  JavaThread "C2 CompilerThread1" daemon [_thread_in_native, id=4960, stack(0x0000004699d00000,0x0000004699e00000)]


Current CompileTask:
C2:   3588 3682   !   4       java.util.concurrent.ConcurrentHashMap::computeIfAbsent (576 bytes)

Stack: [0x0000004699d00000,0x0000004699e00000],  sp=0x0000004699dfbb10,  free space=1006k
Native frames: (J=compiled Java code, j=interpreted, Vv=VM code, C=native code)
V  [jvm.dll+0x621830]
V  [jvm.dll+0x18cecc]
V  [jvm.dll+0x1e5eda]
V  [jvm.dll+0x1e5098]
V  [jvm.dll+0x1779cc]
V  [jvm.dll+0x1f40e5]
V  [jvm.dll+0x1f22cb]
V  [jvm.dll+0x706a7d]
V  [jvm.dll+0x6ff89a]
V  [jvm.dll+0x5f72a6]
C  [ucrtbase.dll+0x21bb2]
C  [KERNEL32.DLL+0x17034]
C  [ntdll.dll+0x52651]


siginfo: EXCEPTION_ACCESS_VIOLATION (0xc0000005), reading address 0x000001b87b48d000


Register to memory mapping:

RIP=0x00007ffaf7b61830 jvm.dll
RAX=0xffffffffffffffff is an unknown value
RBX=0x000001b8779cabc0 points into unknown readable memory: e0 7e d5 f7 fa 7f 00 00
RCX=0x000001b87b48d000 is an unknown value
RDX=0xffffffffffffffff is an unknown value
RSP=0x0000004699dfbb10 is pointing into the stack for thread: 0x000001b87714b000
RBP=0x0000004699dfbc10 is pointing into the stack for thread: 0x000001b87714b000
RSI=0x000001b87b43fbd8 points into unknown readable memory: 40 2b d5 f7 fa 7f 00 00
RDI=0x0000004699dfc1c0 is pointing into the stack for thread: 0x000001b87714b000
R8 =0x000000008757e54e is an unknown value
R9 =0x0 is NULL
R10=0x0000000000000003 is an unknown value
R11=0x000001b8779cabc0 points into unknown readable memory: e0 7e d5 f7 fa 7f 00 00
R12=0x0 is NULL
R13=0x0000000000000002 is an unknown value
R14=0xffffffffffffffff is an unknown value
R15=0x000001b8779cb460 points into unknown readable memory: e0 7e d5 f7 fa 7f 00 00


Registers:
RAX=0xffffffffffffffff, RBX=0x000001b8779cabc0, RCX=0x000001b87b48d000, RDX=0xffffffffffffffff
RSP=0x0000004699dfbb10, RBP=0x0000004699dfbc10, RSI=0x000001b87b43fbd8, RDI=0x0000004699dfc1c0
R8 =0x000000008757e54e, R9 =0x0000000000000000, R10=0x0000000000000003, R11=0x000001b8779cabc0
R12=0x0000000000000000, R13=0x0000000000000002, R14=0xffffffffffffffff, R15=0x000001b8779cb460
RIP=0x00007ffaf7b61830, EFLAGS=0x0000000000010206

Top of Stack: (sp=0x0000004699dfbb10)
0x0000004699dfbb10:   000001b800000000 000001b87a494080
0x0000004699dfbb20:   0000004600000004 000001b87b8d0ff0
0x0000004699dfbb30:   000001b879bee870 000001b879bee830
0x0000004699dfbb40:   0000000000000201 00007ffaffffffff
0x0000004699dfbb50:   000001b87a049ff0 000001b8779cabc0
0x0000004699dfbb60:   000001b87a04a030 000001b8779cb460
0x0000004699dfbb70:   0000002000000006 0000000000000000
0x0000004699dfbb80:   0000000000000008 000001b877f22d40
0x0000004699dfbb90:   000001b80000012a 000001b87b126bf0
0x0000004699dfbba0:   000001b87b1261c0 0000000000000018
0x0000004699dfbbb0:   000001b87885f380 000001b87885dc98
0x0000004699dfbbc0:   000001b877ffab78 000001b878674490
0x0000004699dfbbd0:   000001b87b120350 000001b87b1261c0
0x0000004699dfbbe0:   000001b87b128338 0000000000096308
0x0000004699dfbbf0:   0000000000000000 0000000000000000
0x0000004699dfbc00:   0000000000000000 0000000000000000 

Instructions: (pc=0x00007ffaf7b61830)
0x00007ffaf7b61730:   0c c8 48 8b 47 48 8b 51 28 48 8b 48 78 48 8b 04
0x00007ffaf7b61740:   d1 49 3b c7 0f 84 83 00 00 00 8b 40 4c 33 db 48
0x00007ffaf7b61750:   8b 34 c6 39 5f 54 76 70 41 3b 5d 08 73 0a 49 8b
0x00007ffaf7b61760:   45 10 48 8b 14 d8 eb 02 33 d2 3b 5e 08 73 0a 48
0x00007ffaf7b61770:   8b 46 10 48 8b 0c d8 eb 02 33 c9 48 3b d1 74 3a
0x00007ffaf7b61780:   41 3b 5c 24 08 72 0a 8b d3 49 8b cc e8 cf 7a fb
0x00007ffaf7b61790:   ff 49 8b 44 24 10 48 c7 04 d8 00 00 00 00 41 3b
0x00007ffaf7b617a0:   5d 08 72 0a 8b d3 49 8b cd e8 b2 7a fb ff 49 8b
0x00007ffaf7b617b0:   45 10 48 c7 04 d8 00 00 00 00 48 8b bd 50 01 00
0x00007ffaf7b617c0:   00 ff c3 3b 5f 54 72 90 48 8b 5c 24 48 48 8b cb
0x00007ffaf7b617d0:   41 ff c6 e8 18 07 ae ff 48 8b 75 88 44 3b f0 0f
0x00007ffaf7b617e0:   82 31 ff ff ff e9 eb fd ff ff 33 f6 48 63 4e 28
0x00007ffaf7b617f0:   48 8b 87 20 01 00 00 44 8b 0c 88 48 8b 47 70 49
0x00007ffaf7b61800:   69 d1 a8 00 00 00 48 8b 48 20 8b 46 18 44 8b 64
0x00007ffaf7b61810:   0a 30 33 d2 83 f8 01 0f 86 59 01 00 00 48 8b 4e
0x00007ffaf7b61820:   08 44 8d 40 ff 48 83 c1 08 4c 8d 72 ff 0f 1f 00
0x00007ffaf7b61830:   48 8b 01 48 3b f0 74 0f 48 3b d0 74 0a 48 85 d2
0x00007ffaf7b61840:   49 0f 45 c6 48 8b d0 48 83 c1 08 49 83 e8 01 75
0x00007ffaf7b61850:   df 49 3b d6 4c 8b 74 24 40 0f 85 17 01 00 00 45
0x00007ffaf7b61860:   85 c9 0f 84 d4 00 00 00 4c 8b 7c 24 50 45 3b 67
0x00007ffaf7b61870:   08 72 0b 41 8b d4 49 8b cf e8 e2 79 fb ff 49 8b
0x00007ffaf7b61880:   47 10 4a 8d 1c e5 00 00 00 00 48 89 34 03 45 3b
0x00007ffaf7b61890:   66 08 72 0b 41 8b d4 49 8b ce e8 c1 79 fb ff 49
0x00007ffaf7b618a0:   8b 46 10 48 8b ce 48 89 34 03 48 8b 06 ff 50 68
0x00007ffaf7b618b0:   8b c8 e8 99 84 02 00 bf 01 00 00 00 44 8b f8 3b
0x00007ffaf7b618c0:   c7 7e 66 4c 8b 6c 24 50 0f 1f 84 00 00 00 00 00
0x00007ffaf7b618d0:   41 8b dc 2b df 41 3b 5d 08 72 0a 8b d3 49 8b cd
0x00007ffaf7b618e0:   e8 7b 79 fb ff 49 8b 45 10 4c 8d 34 dd 00 00 00
0x00007ffaf7b618f0:   00 49 89 34 06 48 8b 44 24 40 3b 58 08 72 0f 8b
0x00007ffaf7b61900:   d3 48 8b c8 e8 57 79 fb ff 48 8b 44 24 40 48 8b
0x00007ffaf7b61910:   40 10 ff c7 49 89 34 06 41 3b ff 7c b3 44 8b ad
0x00007ffaf7b61920:   58 01 00 00 4c 8b 74 24 40 44 8b 95 60 01 00 00 


Stack slot to memory mapping:
stack at sp + 0 slots: 0x000001b800000000 is an unknown value
stack at sp + 1 slots: 0x000001b87a494080 points into unknown readable memory: 60 aa d2 f7 fa 7f 00 00
stack at sp + 2 slots: 0x0000004600000004 is an unknown value
stack at sp + 3 slots: 0x000001b87b8d0ff0 points into unknown readable memory: e0 7e d5 f7 fa 7f 00 00
stack at sp + 4 slots: 0x000001b879bee870 points into unknown readable memory: 90 44 67 78 b8 01 00 00
stack at sp + 5 slots: 0x000001b879bee830 points into unknown readable memory: 90 44 67 78 b8 01 00 00
stack at sp + 6 slots: 0x0000000000000201 is an unknown value
stack at sp + 7 slots: 0x00007ffaffffffff is an unknown value


---------------  P R O C E S S  ---------------

Threads class SMR info:
_java_thread_list=0x000001b8782489a0, length=15, elements={
0x000001b852648800, 0x000001b876724000, 0x000001b876725000, 0x000001b876fc6800,
0x000001b876fca800, 0x000001b876fcc000, 0x000001b876fce800, 0x000001b876ff2800,
0x000001b876ffc800, 0x000001b877122000, 0x000001b8779ce800, 0x000001b8779d1000,
0x000001b87b14b800, 0x000001b87714b000, 0x000001b87714c000
}

Java Threads: ( => current thread )
  0x000001b852648800 JavaThread "main" [_thread_in_vm, id=19448, stack(0x0000004698d00000,0x0000004698e00000)]
  0x000001b876724000 JavaThread "Reference Handler" daemon [_thread_blocked, id=11768, stack(0x0000004699400000,0x0000004699500000)]
  0x000001b876725000 JavaThread "Finalizer" daemon [_thread_blocked, id=14956, stack(0x0000004699500000,0x0000004699600000)]
  0x000001b876fc6800 JavaThread "Signal Dispatcher" daemon [_thread_blocked, id=5464, stack(0x0000004699600000,0x0000004699700000)]
  0x000001b876fca800 JavaThread "Attach Listener" daemon [_thread_blocked, id=19844, stack(0x0000004699700000,0x0000004699800000)]
  0x000001b876fcc000 JavaThread "Service Thread" daemon [_thread_blocked, id=2068, stack(0x0000004699800000,0x0000004699900000)]
  0x000001b876fce800 JavaThread "C2 CompilerThread0" daemon [_thread_in_native, id=11856, stack(0x0000004699900000,0x0000004699a00000)]
  0x000001b876ff2800 JavaThread "C1 CompilerThread0" daemon [_thread_blocked, id=18972, stack(0x0000004699a00000,0x0000004699b00000)]
  0x000001b876ffc800 JavaThread "Sweeper thread" daemon [_thread_blocked, id=18660, stack(0x0000004699b00000,0x0000004699c00000)]
  0x000001b877122000 JavaThread "Common-Cleaner" daemon [_thread_blocked, id=2668, stack(0x0000004699c00000,0x0000004699d00000)]
  0x000001b8779ce800 JavaThread "Monitor Ctrl-Break" daemon [_thread_in_native, id=14848, stack(0x0000004699e00000,0x0000004699f00000)]
  0x000001b8779d1000 JavaThread "Notification Thread" daemon [_thread_blocked, id=11372, stack(0x0000004699f00000,0x000000469a000000)]
  0x000001b87b14b800 JavaThread "Keep-Alive-Timer" daemon [_thread_blocked, id=20128, stack(0x000000469aa00000,0x000000469ab00000)]
=>0x000001b87714b000 JavaThread "C2 CompilerThread1" daemon [_thread_in_native, id=4960, stack(0x0000004699d00000,0x0000004699e00000)]
  0x000001b87714c000 JavaThread "C2 CompilerThread2" daemon [_thread_in_native, id=2012, stack(0x000000469a700000,0x000000469a800000)]

Other Threads:
  0x000001b876720800 VMThread "VM Thread" [stack: 0x0000004699300000,0x0000004699400000] [id=17336]
  0x000001b877aeb000 WatcherThread [stack: 0x000000469a000000,0x000000469a100000] [id=17436]
  0x000001b85039e800 GCTaskThread "GC Thread#0" [stack: 0x0000004698e00000,0x0000004698f00000] [id=18324]
  0x000001b877be9000 GCTaskThread "GC Thread#1" [stack: 0x000000469a100000,0x000000469a200000] [id=13200]
  0x000001b877c3c000 GCTaskThread "GC Thread#2" [stack: 0x000000469a200000,0x000000469a300000] [id=14708]
  0x000001b877c3d000 GCTaskThread "GC Thread#3" [stack: 0x000000469a300000,0x000000469a400000] [id=10244]
  0x000001b877fe1000 GCTaskThread "GC Thread#4" [stack: 0x000000469a400000,0x000000469a500000] [id=7680]
  0x000001b877fe1800 GCTaskThread "GC Thread#5" [stack: 0x000000469a500000,0x000000469a600000] [id=15540]
  0x000001b8526cd000 ConcurrentGCThread "G1 Main Marker" [stack: 0x0000004698f00000,0x0000004699000000] [id=6328]
  0x000001b8526cf800 ConcurrentGCThread "G1 Conc#0" [stack: 0x0000004699000000,0x0000004699100000] [id=20076]
  0x000001b879918800 ConcurrentGCThread "G1 Conc#1" [stack: 0x000000469a600000,0x000000469a700000] [id=11792]
  0x000001b878735800 ConcurrentGCThread "G1 Conc#2" [stack: 0x000000469a800000,0x000000469a900000] [id=20000]
  0x000001b87660d800 ConcurrentGCThread "G1 Refine#0" [stack: 0x0000004699100000,0x0000004699200000] [id=9004]
  0x000001b87660f800 ConcurrentGCThread "G1 Young RemSet Sampling" [stack: 0x0000004699200000,0x0000004699300000] [id=18720]

Threads with active compile tasks:
C2 CompilerThread0     3613 3552       4       org.springframework.beans.factory.support.AbstractBeanFactory::isTypeMatch (607 bytes)
C2 CompilerThread1     3613 3682   !   4       java.util.concurrent.ConcurrentHashMap::computeIfAbsent (576 bytes)
C2 CompilerThread2     3613 3684 % !   4       org.springframework.beans.factory.support.DefaultListableBeanFactory::doGetBeanNamesForType @ 20 (511 bytes)

VM state:not at safepoint (normal execution)

VM Mutex/Monitor currently owned by a thread: None

Heap address: 0x0000000703200000, size: 4046 MB, Compressed Oops mode: Zero based, Oop shift amount: 3
Narrow klass base: 0x0000000800000000, Narrow klass shift: 3
Compressed class space size: 1073741824 Address: 0x0000000800b30000

Heap:
 garbage-first heap   total 157696K, used 37753K [0x0000000703200000, 0x0000000800000000)
  region size 1024K, 24 young (24576K), 3 survivors (3072K)
 Metaspace       used 30555K, capacity 31344K, committed 31536K, reserved 1077248K
  class space    used 4044K, capacity 4380K, committed 4480K, reserved 1048576K
Heap Regions: E=young(eden), S=young(survivor), O=old, HS=humongous(starts), HC=humongous(continues), CS=collection set, F=free, OA=open archive, CA=closed archive, TAMS=top-at-mark-start (previous, next)
|   0|0x0000000703200000, 0x0000000703300000, 0x0000000703300000|100%|HS|  |TAMS 0x0000000703300000, 0x0000000703200000| Complete 
|   1|0x0000000703300000, 0x0000000703400000, 0x0000000703400000|100%| O|  |TAMS 0x0000000703400000, 0x0000000703300000| Untracked 
|   2|0x0000000703400000, 0x0000000703500000, 0x0000000703500000|100%| O|  |TAMS 0x0000000703500000, 0x0000000703400000| Untracked 
|   3|0x0000000703500000, 0x0000000703600000, 0x0000000703600000|100%| O|  |TAMS 0x0000000703600000, 0x0000000703500000| Untracked 
|   4|0x0000000703600000, 0x0000000703700000, 0x0000000703700000|100%| O|  |TAMS 0x0000000703700000, 0x0000000703600000| Untracked 
|   5|0x0000000703700000, 0x0000000703800000, 0x0000000703800000|100%| O|  |TAMS 0x0000000703800000, 0x0000000703700000| Untracked 
|   6|0x0000000703800000, 0x0000000703900000, 0x0000000703900000|100%| O|  |TAMS 0x0000000703900000, 0x0000000703800000| Untracked 
|   7|0x0000000703900000, 0x0000000703a00000, 0x0000000703a00000|100%| O|  |TAMS 0x0000000703a00000, 0x0000000703900000| Untracked 
|   8|0x0000000703a00000, 0x0000000703a77a00, 0x0000000703b00000| 46%| O|  |TAMS 0x0000000703a77a00, 0x0000000703a00000| Untracked 
|   9|0x0000000703b00000, 0x0000000703c00000, 0x0000000703c00000|100%| O|  |TAMS 0x0000000703b00000, 0x0000000703b00000| Untracked 
|  10|0x0000000703c00000, 0x0000000703d00000, 0x0000000703d00000|100%| O|  |TAMS 0x0000000703c00000, 0x0000000703c00000| Untracked 
|  11|0x0000000703d00000, 0x0000000703e00000, 0x0000000703e00000|100%| O|  |TAMS 0x0000000703d00000, 0x0000000703d00000| Untracked 
|  12|0x0000000703e00000, 0x0000000703f00000, 0x0000000703f00000|100%| O|  |TAMS 0x0000000703e00000, 0x0000000703e00000| Untracked 
|  13|0x0000000703f00000, 0x0000000704000000, 0x0000000704000000|100%| O|  |TAMS 0x0000000703f00000, 0x0000000703f00000| Untracked 
|  14|0x0000000704000000, 0x000000070409c208, 0x0000000704100000| 60%| O|  |TAMS 0x0000000704000000, 0x0000000704000000| Untracked 
|  15|0x0000000704100000, 0x0000000704100000, 0x0000000704200000|  0%| F|  |TAMS 0x0000000704100000, 0x0000000704100000| Untracked 
|  16|0x0000000704200000, 0x0000000704200000, 0x0000000704300000|  0%| F|  |TAMS 0x0000000704200000, 0x0000000704200000| Untracked 
|  17|0x0000000704300000, 0x0000000704300000, 0x0000000704400000|  0%| F|  |TAMS 0x0000000704300000, 0x0000000704300000| Untracked 
|  18|0x0000000704400000, 0x0000000704400000, 0x0000000704500000|  0%| F|  |TAMS 0x0000000704400000, 0x0000000704400000| Untracked 
|  19|0x0000000704500000, 0x0000000704500000, 0x0000000704600000|  0%| F|  |TAMS 0x0000000704500000, 0x0000000704500000| Untracked 
|  20|0x0000000704600000, 0x0000000704600000, 0x0000000704700000|  0%| F|  |TAMS 0x0000000704600000, 0x0000000704600000| Untracked 
|  21|0x0000000704700000, 0x00000007047caa70, 0x0000000704800000| 79%| S|CS|TAMS 0x0000000704700000, 0x0000000704700000| Complete 
|  22|0x0000000704800000, 0x0000000704800000, 0x0000000704900000|  0%| F|  |TAMS 0x0000000704800000, 0x0000000704800000| Untracked 
|  23|0x0000000704900000, 0x0000000704900000, 0x0000000704a00000|  0%| F|  |TAMS 0x0000000704900000, 0x0000000704900000| Untracked 
|  24|0x0000000704a00000, 0x0000000704b00000, 0x0000000704b00000|100%| S|CS|TAMS 0x0000000704a00000, 0x0000000704a00000| Complete 
|  25|0x0000000704b00000, 0x0000000704c00000, 0x0000000704c00000|100%| S|CS|TAMS 0x0000000704b00000, 0x0000000704b00000| Complete 
|  26|0x0000000704c00000, 0x0000000704c00000, 0x0000000704d00000|  0%| F|  |TAMS 0x0000000704c00000, 0x0000000704c00000| Untracked 
|  27|0x0000000704d00000, 0x0000000704d00000, 0x0000000704e00000|  0%| F|  |TAMS 0x0000000704d00000, 0x0000000704d00000| Untracked 
|  28|0x0000000704e00000, 0x0000000704e00000, 0x0000000704f00000|  0%| F|  |TAMS 0x0000000704e00000, 0x0000000704e00000| Untracked 
|  29|0x0000000704f00000, 0x0000000704f00000, 0x0000000705000000|  0%| F|  |TAMS 0x0000000704f00000, 0x0000000704f00000| Untracked 
|  30|0x0000000705000000, 0x0000000705000000, 0x0000000705100000|  0%| F|  |TAMS 0x0000000705000000, 0x0000000705000000| Untracked 
|  31|0x0000000705100000, 0x0000000705100000, 0x0000000705200000|  0%| F|  |TAMS 0x0000000705100000, 0x0000000705100000| Untracked 
|  32|0x0000000705200000, 0x0000000705200000, 0x0000000705300000|  0%| F|  |TAMS 0x0000000705200000, 0x0000000705200000| Untracked 
|  33|0x0000000705300000, 0x0000000705300000, 0x0000000705400000|  0%| F|  |TAMS 0x0000000705300000, 0x0000000705300000| Untracked 
|  34|0x0000000705400000, 0x0000000705400000, 0x0000000705500000|  0%| F|  |TAMS 0x0000000705400000, 0x0000000705400000| Untracked 
|  35|0x0000000705500000, 0x0000000705500000, 0x0000000705600000|  0%| F|  |TAMS 0x0000000705500000, 0x0000000705500000| Untracked 
|  36|0x0000000705600000, 0x0000000705600000, 0x0000000705700000|  0%| F|  |TAMS 0x0000000705600000, 0x0000000705600000| Untracked 
|  37|0x0000000705700000, 0x0000000705700000, 0x0000000705800000|  0%| F|  |TAMS 0x0000000705700000, 0x0000000705700000| Untracked 
|  38|0x0000000705800000, 0x0000000705800000, 0x0000000705900000|  0%| F|  |TAMS 0x0000000705800000, 0x0000000705800000| Untracked 
|  39|0x0000000705900000, 0x0000000705900000, 0x0000000705a00000|  0%| F|  |TAMS 0x0000000705900000, 0x0000000705900000| Untracked 
|  40|0x0000000705a00000, 0x0000000705a00000, 0x0000000705b00000|  0%| F|  |TAMS 0x0000000705a00000, 0x0000000705a00000| Untracked 
|  41|0x0000000705b00000, 0x0000000705b00000, 0x0000000705c00000|  0%| F|  |TAMS 0x0000000705b00000, 0x0000000705b00000| Untracked 
|  42|0x0000000705c00000, 0x0000000705c00000, 0x0000000705d00000|  0%| F|  |TAMS 0x0000000705c00000, 0x0000000705c00000| Untracked 
|  43|0x0000000705d00000, 0x0000000705d00000, 0x0000000705e00000|  0%| F|  |TAMS 0x0000000705d00000, 0x0000000705d00000| Untracked 
|  44|0x0000000705e00000, 0x0000000705e00000, 0x0000000705f00000|  0%| F|  |TAMS 0x0000000705e00000, 0x0000000705e00000| Untracked 
|  45|0x0000000705f00000, 0x0000000705f00000, 0x0000000706000000|  0%| F|  |TAMS 0x0000000705f00000, 0x0000000705f00000| Untracked 
|  46|0x0000000706000000, 0x0000000706000000, 0x0000000706100000|  0%| F|  |TAMS 0x0000000706000000, 0x0000000706000000| Untracked 
|  47|0x0000000706100000, 0x0000000706100000, 0x0000000706200000|  0%| F|  |TAMS 0x0000000706100000, 0x0000000706100000| Untracked 
|  48|0x0000000706200000, 0x0000000706200000, 0x0000000706300000|  0%| F|  |TAMS 0x0000000706200000, 0x0000000706200000| Untracked 
|  49|0x0000000706300000, 0x0000000706300000, 0x0000000706400000|  0%| F|  |TAMS 0x0000000706300000, 0x0000000706300000| Untracked 
|  50|0x0000000706400000, 0x0000000706400000, 0x0000000706500000|  0%| F|  |TAMS 0x0000000706400000, 0x0000000706400000| Untracked 
|  51|0x0000000706500000, 0x0000000706500000, 0x0000000706600000|  0%| F|  |TAMS 0x0000000706500000, 0x0000000706500000| Untracked 
|  52|0x0000000706600000, 0x0000000706600000, 0x0000000706700000|  0%| F|  |TAMS 0x0000000706600000, 0x0000000706600000| Untracked 
|  53|0x0000000706700000, 0x0000000706700000, 0x0000000706800000|  0%| F|  |TAMS 0x0000000706700000, 0x0000000706700000| Untracked 
|  54|0x0000000706800000, 0x0000000706800000, 0x0000000706900000|  0%| F|  |TAMS 0x0000000706800000, 0x0000000706800000| Untracked 
|  55|0x0000000706900000, 0x0000000706900000, 0x0000000706a00000|  0%| F|  |TAMS 0x0000000706900000, 0x0000000706900000| Untracked 
|  56|0x0000000706a00000, 0x0000000706a00000, 0x0000000706b00000|  0%| F|  |TAMS 0x0000000706a00000, 0x0000000706a00000| Untracked 
|  57|0x0000000706b00000, 0x0000000706b00000, 0x0000000706c00000|  0%| F|  |TAMS 0x0000000706b00000, 0x0000000706b00000| Untracked 
|  58|0x0000000706c00000, 0x0000000706c00000, 0x0000000706d00000|  0%| F|  |TAMS 0x0000000706c00000, 0x0000000706c00000| Untracked 
|  59|0x0000000706d00000, 0x0000000706d00000, 0x0000000706e00000|  0%| F|  |TAMS 0x0000000706d00000, 0x0000000706d00000| Untracked 
|  60|0x0000000706e00000, 0x0000000706e00000, 0x0000000706f00000|  0%| F|  |TAMS 0x0000000706e00000, 0x0000000706e00000| Untracked 
|  61|0x0000000706f00000, 0x0000000706f00000, 0x0000000707000000|  0%| F|  |TAMS 0x0000000706f00000, 0x0000000706f00000| Untracked 
|  62|0x0000000707000000, 0x0000000707000000, 0x0000000707100000|  0%| F|  |TAMS 0x0000000707000000, 0x0000000707000000| Untracked 
|  63|0x0000000707100000, 0x0000000707100000, 0x0000000707200000|  0%| F|  |TAMS 0x0000000707100000, 0x0000000707100000| Untracked 
|  64|0x0000000707200000, 0x0000000707200000, 0x0000000707300000|  0%| F|  |TAMS 0x0000000707200000, 0x0000000707200000| Untracked 
|  65|0x0000000707300000, 0x0000000707300000, 0x0000000707400000|  0%| F|  |TAMS 0x0000000707300000, 0x0000000707300000| Untracked 
|  66|0x0000000707400000, 0x0000000707400000, 0x0000000707500000|  0%| F|  |TAMS 0x0000000707400000, 0x0000000707400000| Untracked 
|  67|0x0000000707500000, 0x0000000707500000, 0x0000000707600000|  0%| F|  |TAMS 0x0000000707500000, 0x0000000707500000| Untracked 
|  68|0x0000000707600000, 0x0000000707600000, 0x0000000707700000|  0%| F|  |TAMS 0x0000000707600000, 0x0000000707600000| Untracked 
|  69|0x0000000707700000, 0x0000000707700000, 0x0000000707800000|  0%| F|  |TAMS 0x0000000707700000, 0x0000000707700000| Untracked 
|  70|0x0000000707800000, 0x0000000707800000, 0x0000000707900000|  0%| F|  |TAMS 0x0000000707800000, 0x0000000707800000| Untracked 
|  71|0x0000000707900000, 0x0000000707900000, 0x0000000707a00000|  0%| F|  |TAMS 0x0000000707900000, 0x0000000707900000| Untracked 
|  72|0x0000000707a00000, 0x0000000707a00000, 0x0000000707b00000|  0%| F|  |TAMS 0x0000000707a00000, 0x0000000707a00000| Untracked 
|  73|0x0000000707b00000, 0x0000000707b00000, 0x0000000707c00000|  0%| F|  |TAMS 0x0000000707b00000, 0x0000000707b00000| Untracked 
|  74|0x0000000707c00000, 0x0000000707c00000, 0x0000000707d00000|  0%| F|  |TAMS 0x0000000707c00000, 0x0000000707c00000| Untracked 
|  75|0x0000000707d00000, 0x0000000707d00000, 0x0000000707e00000|  0%| F|  |TAMS 0x0000000707d00000, 0x0000000707d00000| Untracked 
|  76|0x0000000707e00000, 0x0000000707e00000, 0x0000000707f00000|  0%| F|  |TAMS 0x0000000707e00000, 0x0000000707e00000| Untracked 
|  77|0x0000000707f00000, 0x0000000707f00000, 0x0000000708000000|  0%| F|  |TAMS 0x0000000707f00000, 0x0000000707f00000| Untracked 
|  78|0x0000000708000000, 0x0000000708000000, 0x0000000708100000|  0%| F|  |TAMS 0x0000000708000000, 0x0000000708000000| Untracked 
|  79|0x0000000708100000, 0x0000000708100000, 0x0000000708200000|  0%| F|  |TAMS 0x0000000708100000, 0x0000000708100000| Untracked 
|  80|0x0000000708200000, 0x0000000708200000, 0x0000000708300000|  0%| F|  |TAMS 0x0000000708200000, 0x0000000708200000| Untracked 
|  81|0x0000000708300000, 0x0000000708300000, 0x0000000708400000|  0%| F|  |TAMS 0x0000000708300000, 0x0000000708300000| Untracked 
|  82|0x0000000708400000, 0x0000000708400000, 0x0000000708500000|  0%| F|  |TAMS 0x0000000708400000, 0x0000000708400000| Untracked 
|  83|0x0000000708500000, 0x0000000708500000, 0x0000000708600000|  0%| F|  |TAMS 0x0000000708500000, 0x0000000708500000| Untracked 
|  84|0x0000000708600000, 0x0000000708600000, 0x0000000708700000|  0%| F|  |TAMS 0x0000000708600000, 0x0000000708600000| Untracked 
|  85|0x0000000708700000, 0x0000000708700000, 0x0000000708800000|  0%| F|  |TAMS 0x0000000708700000, 0x0000000708700000| Untracked 
|  86|0x0000000708800000, 0x0000000708800000, 0x0000000708900000|  0%| F|  |TAMS 0x0000000708800000, 0x0000000708800000| Untracked 
|  87|0x0000000708900000, 0x0000000708900000, 0x0000000708a00000|  0%| F|  |TAMS 0x0000000708900000, 0x0000000708900000| Untracked 
|  88|0x0000000708a00000, 0x0000000708a00000, 0x0000000708b00000|  0%| F|  |TAMS 0x0000000708a00000, 0x0000000708a00000| Untracked 
|  89|0x0000000708b00000, 0x0000000708b00000, 0x0000000708c00000|  0%| F|  |TAMS 0x0000000708b00000, 0x0000000708b00000| Untracked 
|  90|0x0000000708c00000, 0x0000000708c00000, 0x0000000708d00000|  0%| F|  |TAMS 0x0000000708c00000, 0x0000000708c00000| Untracked 
|  91|0x0000000708d00000, 0x0000000708d00000, 0x0000000708e00000|  0%| F|  |TAMS 0x0000000708d00000, 0x0000000708d00000| Untracked 
|  92|0x0000000708e00000, 0x0000000708e00000, 0x0000000708f00000|  0%| F|  |TAMS 0x0000000708e00000, 0x0000000708e00000| Untracked 
|  93|0x0000000708f00000, 0x0000000708f00000, 0x0000000709000000|  0%| F|  |TAMS 0x0000000708f00000, 0x0000000708f00000| Untracked 
|  94|0x0000000709000000, 0x0000000709000000, 0x0000000709100000|  0%| F|  |TAMS 0x0000000709000000, 0x0000000709000000| Untracked 
|  95|0x0000000709100000, 0x0000000709100000, 0x0000000709200000|  0%| F|  |TAMS 0x0000000709100000, 0x0000000709100000| Untracked 
|  96|0x0000000709200000, 0x0000000709200000, 0x0000000709300000|  0%| F|  |TAMS 0x0000000709200000, 0x0000000709200000| Untracked 
|  97|0x0000000709300000, 0x0000000709300000, 0x0000000709400000|  0%| F|  |TAMS 0x0000000709300000, 0x0000000709300000| Untracked 
|  98|0x0000000709400000, 0x0000000709400000, 0x0000000709500000|  0%| F|  |TAMS 0x0000000709400000, 0x0000000709400000| Untracked 
|  99|0x0000000709500000, 0x0000000709500000, 0x0000000709600000|  0%| F|  |TAMS 0x0000000709500000, 0x0000000709500000| Untracked 
| 100|0x0000000709600000, 0x0000000709600000, 0x0000000709700000|  0%| F|  |TAMS 0x0000000709600000, 0x0000000709600000| Untracked 
| 101|0x0000000709700000, 0x0000000709700000, 0x0000000709800000|  0%| F|  |TAMS 0x0000000709700000, 0x0000000709700000| Untracked 
| 102|0x0000000709800000, 0x0000000709800000, 0x0000000709900000|  0%| F|  |TAMS 0x0000000709800000, 0x0000000709800000| Untracked 
| 103|0x0000000709900000, 0x0000000709900000, 0x0000000709a00000|  0%| F|  |TAMS 0x0000000709900000, 0x0000000709900000| Untracked 
| 104|0x0000000709a00000, 0x0000000709a00000, 0x0000000709b00000|  0%| F|  |TAMS 0x0000000709a00000, 0x0000000709a00000| Untracked 
| 105|0x0000000709b00000, 0x0000000709b00000, 0x0000000709c00000|  0%| F|  |TAMS 0x0000000709b00000, 0x0000000709b00000| Untracked 
| 106|0x0000000709c00000, 0x0000000709c00000, 0x0000000709d00000|  0%| F|  |TAMS 0x0000000709c00000, 0x0000000709c00000| Untracked 
| 107|0x0000000709d00000, 0x0000000709d00000, 0x0000000709e00000|  0%| F|  |TAMS 0x0000000709d00000, 0x0000000709d00000| Untracked 
| 108|0x0000000709e00000, 0x0000000709e00000, 0x0000000709f00000|  0%| F|  |TAMS 0x0000000709e00000, 0x0000000709e00000| Untracked 
| 109|0x0000000709f00000, 0x0000000709f00000, 0x000000070a000000|  0%| F|  |TAMS 0x0000000709f00000, 0x0000000709f00000| Untracked 
| 110|0x000000070a000000, 0x000000070a000000, 0x000000070a100000|  0%| F|  |TAMS 0x000000070a000000, 0x000000070a000000| Untracked 
| 111|0x000000070a100000, 0x000000070a100000, 0x000000070a200000|  0%| F|  |TAMS 0x000000070a100000, 0x000000070a100000| Untracked 
| 112|0x000000070a200000, 0x000000070a200000, 0x000000070a300000|  0%| F|  |TAMS 0x000000070a200000, 0x000000070a200000| Untracked 
| 113|0x000000070a300000, 0x000000070a300000, 0x000000070a400000|  0%| F|  |TAMS 0x000000070a300000, 0x000000070a300000| Untracked 
| 114|0x000000070a400000, 0x000000070a400000, 0x000000070a500000|  0%| F|  |TAMS 0x000000070a400000, 0x000000070a400000| Untracked 
| 115|0x000000070a500000, 0x000000070a500000, 0x000000070a600000|  0%| F|  |TAMS 0x000000070a500000, 0x000000070a500000| Untracked 
| 116|0x000000070a600000, 0x000000070a600000, 0x000000070a700000|  0%| F|  |TAMS 0x000000070a600000, 0x000000070a600000| Untracked 
| 117|0x000000070a700000, 0x000000070a700000, 0x000000070a800000|  0%| F|  |TAMS 0x000000070a700000, 0x000000070a700000| Untracked 
| 118|0x000000070a800000, 0x000000070a800000, 0x000000070a900000|  0%| F|  |TAMS 0x000000070a800000, 0x000000070a800000| Untracked 
| 119|0x000000070a900000, 0x000000070a900000, 0x000000070aa00000|  0%| F|  |TAMS 0x000000070a900000, 0x000000070a900000| Untracked 
| 120|0x000000070aa00000, 0x000000070aa00000, 0x000000070ab00000|  0%| F|  |TAMS 0x000000070aa00000, 0x000000070aa00000| Untracked 
| 121|0x000000070ab00000, 0x000000070ab00000, 0x000000070ac00000|  0%| F|  |TAMS 0x000000070ab00000, 0x000000070ab00000| Untracked 
| 122|0x000000070ac00000, 0x000000070ac00000, 0x000000070ad00000|  0%| F|  |TAMS 0x000000070ac00000, 0x000000070ac00000| Untracked 
| 123|0x000000070ad00000, 0x000000070ad00000, 0x000000070ae00000|  0%| F|  |TAMS 0x000000070ad00000, 0x000000070ad00000| Untracked 
| 124|0x000000070ae00000, 0x000000070ae00000, 0x000000070af00000|  0%| F|  |TAMS 0x000000070ae00000, 0x000000070ae00000| Untracked 
| 125|0x000000070af00000, 0x000000070af00000, 0x000000070b000000|  0%| F|  |TAMS 0x000000070af00000, 0x000000070af00000| Untracked 
| 126|0x000000070b000000, 0x000000070b000000, 0x000000070b100000|  0%| F|  |TAMS 0x000000070b000000, 0x000000070b000000| Untracked 
| 127|0x000000070b100000, 0x000000070b100000, 0x000000070b200000|  0%| F|  |TAMS 0x000000070b100000, 0x000000070b100000| Untracked 
| 128|0x000000070b200000, 0x000000070b200000, 0x000000070b300000|  0%| F|  |TAMS 0x000000070b200000, 0x000000070b200000| Untracked 
| 129|0x000000070b300000, 0x000000070b300000, 0x000000070b400000|  0%| F|  |TAMS 0x000000070b300000, 0x000000070b300000| Untracked 
| 130|0x000000070b400000, 0x000000070b400000, 0x000000070b500000|  0%| F|  |TAMS 0x000000070b400000, 0x000000070b400000| Untracked 
| 131|0x000000070b500000, 0x000000070b500000, 0x000000070b600000|  0%| F|  |TAMS 0x000000070b500000, 0x000000070b500000| Untracked 
| 132|0x000000070b600000, 0x000000070b600000, 0x000000070b700000|  0%| F|  |TAMS 0x000000070b600000, 0x000000070b600000| Untracked 
| 133|0x000000070b700000, 0x000000070b780800, 0x000000070b800000| 50%| E|  |TAMS 0x000000070b700000, 0x000000070b700000| Complete 
| 134|0x000000070b800000, 0x000000070b900000, 0x000000070b900000|100%| E|CS|TAMS 0x000000070b800000, 0x000000070b800000| Complete 
| 135|0x000000070b900000, 0x000000070ba00000, 0x000000070ba00000|100%| E|CS|TAMS 0x000000070b900000, 0x000000070b900000| Complete 
| 136|0x000000070ba00000, 0x000000070bb00000, 0x000000070bb00000|100%| E|CS|TAMS 0x000000070ba00000, 0x000000070ba00000| Complete 
| 137|0x000000070bb00000, 0x000000070bc00000, 0x000000070bc00000|100%| E|CS|TAMS 0x000000070bb00000, 0x000000070bb00000| Complete 
| 138|0x000000070bc00000, 0x000000070bd00000, 0x000000070bd00000|100%| E|CS|TAMS 0x000000070bc00000, 0x000000070bc00000| Complete 
| 139|0x000000070bd00000, 0x000000070be00000, 0x000000070be00000|100%| E|CS|TAMS 0x000000070bd00000, 0x000000070bd00000| Complete 
| 140|0x000000070be00000, 0x000000070bf00000, 0x000000070bf00000|100%| E|CS|TAMS 0x000000070be00000, 0x000000070be00000| Complete 
| 141|0x000000070bf00000, 0x000000070c000000, 0x000000070c000000|100%| E|CS|TAMS 0x000000070bf00000, 0x000000070bf00000| Complete 
| 142|0x000000070c000000, 0x000000070c100000, 0x000000070c100000|100%| E|CS|TAMS 0x000000070c000000, 0x000000070c000000| Complete 
| 143|0x000000070c100000, 0x000000070c200000, 0x000000070c200000|100%| E|CS|TAMS 0x000000070c100000, 0x000000070c100000| Complete 
| 144|0x000000070c200000, 0x000000070c300000, 0x000000070c300000|100%| E|CS|TAMS 0x000000070c200000, 0x000000070c200000| Complete 
| 145|0x000000070c300000, 0x000000070c400000, 0x000000070c400000|100%| E|CS|TAMS 0x000000070c300000, 0x000000070c300000| Complete 
| 146|0x000000070c400000, 0x000000070c500000, 0x000000070c500000|100%| E|CS|TAMS 0x000000070c400000, 0x000000070c400000| Complete 
| 147|0x000000070c500000, 0x000000070c600000, 0x000000070c600000|100%| E|CS|TAMS 0x000000070c500000, 0x000000070c500000| Complete 
| 148|0x000000070c600000, 0x000000070c700000, 0x000000070c700000|100%| E|CS|TAMS 0x000000070c600000, 0x000000070c600000| Complete 
| 149|0x000000070c700000, 0x000000070c800000, 0x000000070c800000|100%| E|CS|TAMS 0x000000070c700000, 0x000000070c700000| Complete 
| 150|0x000000070c800000, 0x000000070c900000, 0x000000070c900000|100%| E|CS|TAMS 0x000000070c800000, 0x000000070c800000| Complete 
| 151|0x000000070c900000, 0x000000070ca00000, 0x000000070ca00000|100%| E|CS|TAMS 0x000000070c900000, 0x000000070c900000| Complete 
| 252|0x0000000712e00000, 0x0000000712f00000, 0x0000000712f00000|100%| E|CS|TAMS 0x0000000712e00000, 0x0000000712e00000| Complete 
| 253|0x0000000712f00000, 0x0000000713000000, 0x0000000713000000|100%| E|CS|TAMS 0x0000000712f00000, 0x0000000712f00000| Complete 

Card table byte_map: [0x000001b86ab20000,0x000001b86b310000] _byte_map_base: 0x000001b867307000

Marking Bits (Prev, Next): (CMBitMap*) 0x000001b8526ac6c8, (CMBitMap*) 0x000001b8526ac688
 Prev Bits: [0x000001b86fa40000, 0x000001b873978000)
 Next Bits: [0x000001b86bb00000, 0x000001b86fa38000)

Polling page: 0x000001b850580000

Metaspace:

Usage:
  Non-class:     26.39 MB capacity,    25.90 MB ( 98%) used,   412.20 KB (  2%) free+waste,    94.75 KB ( <1%) overhead. 
      Class:      4.28 MB capacity,     3.95 MB ( 92%) used,   288.12 KB (  7%) free+waste,    45.63 KB (  1%) overhead. 
       Both:     30.67 MB capacity,    29.85 MB ( 97%) used,   700.32 KB (  2%) free+waste,   140.38 KB ( <1%) overhead. 

Virtual space:
  Non-class space:       28.00 MB reserved,      26.42 MB ( 94%) committed 
      Class space:        1.00 GB reserved,       4.38 MB ( <1%) committed 
             Both:        1.03 GB reserved,      30.80 MB (  3%) committed 

Chunk freelists:
   Non-Class:  28.00 KB
       Class:  4.00 KB
        Both:  32.00 KB

MaxMetaspaceSize: 17179869184.00 GB
CompressedClassSpaceSize: 1.00 GB

CodeHeap 'non-profiled nmethods': size=120000Kb used=2265Kb max_used=2265Kb free=117735Kb
 bounds [0x000001b8628b0000, 0x000001b862b20000, 0x000001b869de0000]
CodeHeap 'profiled nmethods': size=120000Kb used=8826Kb max_used=8826Kb free=111173Kb
 bounds [0x000001b85b380000, 0x000001b85bc20000, 0x000001b8628b0000]
CodeHeap 'non-nmethods': size=5760Kb used=1237Kb max_used=1303Kb free=4522Kb
 bounds [0x000001b85ade0000, 0x000001b85b050000, 0x000001b85b380000]
 total_blobs=5485 nmethods=3726 adapters=415
 compilation: enabled
              stopped_count=0, restarted_count=0
 full_count=0

Compilation events (20 events):
Event: 3.578 Thread 0x000001b876ff2800 nmethod 3698 0x000001b85bc03690 code [0x000001b85bc038a0, 0x000001b85bc040d8]
Event: 3.578 Thread 0x000001b876ff2800 3697       3       java.beans.FeatureDescriptor::<init> (5 bytes)
Event: 3.578 Thread 0x000001b876ff2800 nmethod 3697 0x000001b85bc04310 code [0x000001b85bc044a0, 0x000001b85bc04618]
Event: 3.578 Thread 0x000001b876ff2800 3699       3       com.sun.beans.util.Cache$Kind$Soft::getReferent (5 bytes)
Event: 3.578 Thread 0x000001b876ff2800 nmethod 3699 0x000001b85bc04710 code [0x000001b85bc048c0, 0x000001b85bc04b98]
Event: 3.578 Thread 0x000001b876ff2800 3701       3       java.util.Hashtable$Entry::<init> (26 bytes)
Event: 3.578 Thread 0x000001b876ff2800 nmethod 3701 0x000001b85bc04c90 code [0x000001b85bc04e40, 0x000001b85bc050f8]
Event: 3.578 Thread 0x000001b876ff2800 3700       1       java.util.TreeMap$Entry::getValue (5 bytes)
Event: 3.578 Thread 0x000001b876ff2800 nmethod 3700 0x000001b862ae6110 code [0x000001b862ae62a0, 0x000001b862ae6378]
Event: 3.579 Thread 0x000001b876ff2800 3703       3       java.lang.reflect.Method::getGenericInfo (27 bytes)
Event: 3.579 Thread 0x000001b876ff2800 nmethod 3703 0x000001b85bc05190 code [0x000001b85bc05400, 0x000001b85bc062b8]
Event: 3.579 Thread 0x000001b876ff2800 3704       3       java.util.Arrays::stream (8 bytes)
Event: 3.579 Thread 0x000001b876ff2800 nmethod 3704 0x000001b85bc06790 code [0x000001b85bc069c0, 0x000001b85bc070e8]
Event: 3.579 Thread 0x000001b876ff2800 3705       3       java.util.Arrays::stream (11 bytes)
Event: 3.580 Thread 0x000001b876ff2800 nmethod 3705 0x000001b85bc07410 code [0x000001b85bc07640, 0x000001b85bc07d08]
Event: 3.580 Thread 0x000001b876ff2800 3706       3       com.sun.beans.TypeResolver::getActualType (24 bytes)
Event: 3.581 Thread 0x000001b876ff2800 nmethod 3706 0x000001b85bc08010 code [0x000001b85bc08220, 0x000001b85bc08a08]
Event: 3.581 Thread 0x000001b876ff2800 3707       3       java.util.TreeMap$PrivateEntryIterator::hasNext (13 bytes)
Event: 3.581 Thread 0x000001b876ff2800 nmethod 3707 0x000001b85bc08c90 code [0x000001b85bc08e20, 0x000001b85bc08f98]
Event: 3.582 Thread 0x000001b876ff2800 3708       3       java.lang.reflect.Executable::printModifiersIfNonzero (101 bytes)

GC Heap History (20 events):
Event: 0.889 GC heap before
{Heap before GC invocations=1 (full 0):
 garbage-first heap   total 260096K, used 34276K [0x0000000703200000, 0x0000000800000000)
  region size 1024K, 28 young (28672K), 3 survivors (3072K)
 Metaspace       used 7316K, capacity 8583K, committed 8704K, reserved 1056768K
  class space    used 864K, capacity 1022K, committed 1024K, reserved 1048576K
}
Event: 0.892 GC heap after
{Heap after GC invocations=2 (full 0):
 garbage-first heap   total 260096K, used 10101K [0x0000000703200000, 0x0000000800000000)
  region size 1024K, 2 young (2048K), 2 survivors (2048K)
 Metaspace       used 7316K, capacity 8583K, committed 8704K, reserved 1056768K
  class space    used 864K, capacity 1022K, committed 1024K, reserved 1048576K
}
Event: 1.665 GC heap before
{Heap before GC invocations=2 (full 0):
 garbage-first heap   total 260096K, used 136053K [0x0000000703200000, 0x0000000800000000)
  region size 1024K, 126 young (129024K), 2 survivors (2048K)
 Metaspace       used 20613K, capacity 21168K, committed 21296K, reserved 1067008K
  class space    used 2674K, capacity 2913K, committed 2944K, reserved 1048576K
}
Event: 1.669 GC heap after
{Heap after GC invocations=3 (full 0):
 garbage-first heap   total 260096K, used 12848K [0x0000000703200000, 0x0000000800000000)
  region size 1024K, 5 young (5120K), 5 survivors (5120K)
 Metaspace       used 20613K, capacity 21168K, committed 21296K, reserved 1067008K
  class space    used 2674K, capacity 2913K, committed 2944K, reserved 1048576K
}
Event: 2.334 GC heap before
{Heap before GC invocations=4 (full 0):
 garbage-first heap   total 55296K, used 39472K [0x0000000703200000, 0x0000000800000000)
  region size 1024K, 32 young (32768K), 5 survivors (5120K)
 Metaspace       used 22584K, capacity 23236K, committed 23344K, reserved 1069056K
  class space    used 2903K, capacity 3133K, committed 3200K, reserved 1048576K
}
Event: 2.338 GC heap after
{Heap after GC invocations=5 (full 0):
 garbage-first heap   total 55296K, used 14058K [0x0000000703200000, 0x0000000800000000)
  region size 1024K, 2 young (2048K), 2 survivors (2048K)
 Metaspace       used 22584K, capacity 23236K, committed 23344K, reserved 1069056K
  class space    used 2903K, capacity 3133K, committed 3200K, reserved 1048576K
}
Event: 2.341 GC heap before
{Heap before GC invocations=5 (full 0):
 garbage-first heap   total 55296K, used 35562K [0x0000000703200000, 0x0000000800000000)
  region size 1024K, 24 young (24576K), 2 survivors (2048K)
 Metaspace       used 22584K, capacity 23236K, committed 23344K, reserved 1069056K
  class space    used 2903K, capacity 3133K, committed 3200K, reserved 1048576K
}
Event: 2.342 GC heap after
{Heap after GC invocations=6 (full 0):
 garbage-first heap   total 55296K, used 13949K [0x0000000703200000, 0x0000000800000000)
  region size 1024K, 2 young (2048K), 2 survivors (2048K)
 Metaspace       used 22584K, capacity 23236K, committed 23344K, reserved 1069056K
  class space    used 2903K, capacity 3133K, committed 3200K, reserved 1048576K
}
Event: 2.345 GC heap before
{Heap before GC invocations=6 (full 0):
 garbage-first heap   total 55296K, used 37501K [0x0000000703200000, 0x0000000800000000)
  region size 1024K, 26 young (26624K), 2 survivors (2048K)
 Metaspace       used 22584K, capacity 23236K, committed 23344K, reserved 1069056K
  class space    used 2903K, capacity 3133K, committed 3200K, reserved 1048576K
}
Event: 2.346 GC heap after
{Heap after GC invocations=7 (full 0):
 garbage-first heap   total 55296K, used 13936K [0x0000000703200000, 0x0000000800000000)
  region size 1024K, 2 young (2048K), 2 survivors (2048K)
 Metaspace       used 22584K, capacity 23236K, committed 23344K, reserved 1069056K
  class space    used 2903K, capacity 3133K, committed 3200K, reserved 1048576K
}
Event: 2.383 GC heap before
{Heap before GC invocations=7 (full 0):
 garbage-first heap   total 55296K, used 39536K [0x0000000703200000, 0x0000000800000000)
  region size 1024K, 28 young (28672K), 2 survivors (2048K)
 Metaspace       used 23070K, capacity 23699K, committed 23984K, reserved 1071104K
  class space    used 2950K, capacity 3202K, committed 3328K, reserved 1048576K
}
Event: 2.385 GC heap after
{Heap after GC invocations=8 (full 0):
 garbage-first heap   total 55296K, used 14358K [0x0000000703200000, 0x0000000800000000)
  region size 1024K, 2 young (2048K), 2 survivors (2048K)
 Metaspace       used 23070K, capacity 23699K, committed 23984K, reserved 1071104K
  class space    used 2950K, capacity 3202K, committed 3328K, reserved 1048576K
}
Event: 2.619 GC heap before
{Heap before GC invocations=8 (full 0):
 garbage-first heap   total 55296K, used 42006K [0x0000000703200000, 0x0000000800000000)
  region size 1024K, 29 young (29696K), 2 survivors (2048K)
 Metaspace       used 24037K, capacity 24672K, committed 24752K, reserved 1071104K
  class space    used 3038K, capacity 3282K, committed 3328K, reserved 1048576K
}
Event: 2.622 GC heap after
{Heap after GC invocations=9 (full 0):
 garbage-first heap   total 55296K, used 15374K [0x0000000703200000, 0x0000000800000000)
  region size 1024K, 3 young (3072K), 3 survivors (3072K)
 Metaspace       used 24037K, capacity 24672K, committed 24752K, reserved 1071104K
  class space    used 3038K, capacity 3282K, committed 3328K, reserved 1048576K
}
Event: 2.802 GC heap before
{Heap before GC invocations=9 (full 0):
 garbage-first heap   total 55296K, used 43022K [0x0000000703200000, 0x0000000800000000)
  region size 1024K, 30 young (30720K), 3 survivors (3072K)
 Metaspace       used 24636K, capacity 25311K, committed 25648K, reserved 1071104K
  class space    used 3109K, capacity 3360K, committed 3456K, reserved 1048576K
}
Event: 2.805 GC heap after
{Heap after GC invocations=10 (full 0):
 garbage-first heap   total 55296K, used 15519K [0x0000000703200000, 0x0000000800000000)
  region size 1024K, 3 young (3072K), 3 survivors (3072K)
 Metaspace       used 24636K, capacity 25311K, committed 25648K, reserved 1071104K
  class space    used 3109K, capacity 3360K, committed 3456K, reserved 1048576K
}
Event: 3.085 GC heap before
{Heap before GC invocations=10 (full 0):
 garbage-first heap   total 55296K, used 42143K [0x0000000703200000, 0x0000000800000000)
  region size 1024K, 29 young (29696K), 3 survivors (3072K)
 Metaspace       used 26577K, capacity 27347K, committed 27440K, reserved 1073152K
  class space    used 3395K, capacity 3688K, committed 3712K, reserved 1048576K
}
Event: 3.089 GC heap after
{Heap after GC invocations=11 (full 0):
 garbage-first heap   total 55296K, used 16520K [0x0000000703200000, 0x0000000800000000)
  region size 1024K, 4 young (4096K), 4 survivors (4096K)
 Metaspace       used 26577K, capacity 27347K, committed 27440K, reserved 1073152K
  class space    used 3395K, capacity 3688K, committed 3712K, reserved 1048576K
}
Event: 3.349 GC heap before
{Heap before GC invocations=11 (full 0):
 garbage-first heap   total 55296K, used 43144K [0x0000000703200000, 0x0000000800000000)
  region size 1024K, 30 young (30720K), 4 survivors (4096K)
 Metaspace       used 28627K, capacity 29435K, committed 29744K, reserved 1075200K
  class space    used 3785K, capacity 4111K, committed 4224K, reserved 1048576K
}
Event: 3.355 GC heap after
{Heap after GC invocations=12 (full 0):
 garbage-first heap   total 157696K, used 17273K [0x0000000703200000, 0x0000000800000000)
  region size 1024K, 3 young (3072K), 3 survivors (3072K)
 Metaspace       used 28627K, capacity 29435K, committed 29744K, reserved 1075200K
  class space    used 3785K, capacity 4111K, committed 4224K, reserved 1048576K
}

Deoptimization events (20 events):
Event: 3.346 Thread 0x000001b852648800 Uncommon trap: trap_request=0xfffffff4 fr.pc=0x000001b862ab0e4c relative=0x00000000000027cc
Event: 3.346 Thread 0x000001b852648800 Uncommon trap: reason=null_check action=make_not_entrant pc=0x000001b862ab0e4c method=java.lang.Class.isAnnotation()Z @ 1 c2
Event: 3.346 Thread 0x000001b852648800 DEOPT PACKING pc=0x000001b862ab0e4c sp=0x0000004698dfd880
Event: 3.346 Thread 0x000001b852648800 DEOPT UNPACKING pc=0x000001b85ae2912f sp=0x0000004698dfd7a0 mode 2
Event: 3.523 Thread 0x000001b852648800 Uncommon trap: trap_request=0xffffff45 fr.pc=0x000001b862acbd2c relative=0x000000000000008c
Event: 3.523 Thread 0x000001b852648800 Uncommon trap: reason=unstable_if action=reinterpret pc=0x000001b862acbd2c method=java.util.LinkedList.node(I)Ljava/util/LinkedList$Node; @ 19 c2
Event: 3.523 Thread 0x000001b852648800 DEOPT PACKING pc=0x000001b862acbd2c sp=0x0000004698dfde60
Event: 3.523 Thread 0x000001b852648800 DEOPT UNPACKING pc=0x000001b85ae2912f sp=0x0000004698dfddd8 mode 2
Event: 3.537 Thread 0x000001b852648800 Uncommon trap: trap_request=0xffffff45 fr.pc=0x000001b862a71540 relative=0x0000000000000800
Event: 3.537 Thread 0x000001b852648800 Uncommon trap: reason=unstable_if action=reinterpret pc=0x000001b862a71540 method=org.springframework.beans.factory.support.AbstractAutowireCapableBeanFactory.predictBeanType(Ljava/lang/String;Lorg/springframework/beans/factory/support/RootBeanDefinition;
Event: 3.537 Thread 0x000001b852648800 DEOPT PACKING pc=0x000001b862a71540 sp=0x0000004698dfe660
Event: 3.537 Thread 0x000001b852648800 DEOPT UNPACKING pc=0x000001b85ae2912f sp=0x0000004698dfe5f8 mode 2
Event: 3.556 Thread 0x000001b852648800 Uncommon trap: trap_request=0xffffff45 fr.pc=0x000001b86299e854 relative=0x0000000000001b74
Event: 3.556 Thread 0x000001b852648800 Uncommon trap: reason=unstable_if action=reinterpret pc=0x000001b86299e854 method=jdk.internal.org.objectweb.asm.Frame.execute(IILjdk/internal/org/objectweb/asm/Symbol;Ljdk/internal/org/objectweb/asm/SymbolTable;)V @ 1 c2
Event: 3.556 Thread 0x000001b852648800 DEOPT PACKING pc=0x000001b86299e854 sp=0x0000004698dfd5b0
Event: 3.556 Thread 0x000001b852648800 DEOPT UNPACKING pc=0x000001b85ae2912f sp=0x0000004698dfd568 mode 2
Event: 3.556 Thread 0x000001b852648800 Uncommon trap: trap_request=0xffffff45 fr.pc=0x000001b862a233c0 relative=0x0000000000000ac0
Event: 3.556 Thread 0x000001b852648800 Uncommon trap: reason=unstable_if action=reinterpret pc=0x000001b862a233c0 method=jdk.internal.org.objectweb.asm.SymbolTable.addType(Ljava/lang/String;)I @ 33 c2
Event: 3.556 Thread 0x000001b852648800 DEOPT PACKING pc=0x000001b862a233c0 sp=0x0000004698dfd5c0
Event: 3.557 Thread 0x000001b852648800 DEOPT UNPACKING pc=0x000001b85ae2912f sp=0x0000004698dfd578 mode 2

Classes unloaded (0 events):
No events

Classes redefined (0 events):
No events

Internal exceptions (20 events):
Event: 2.284 Thread 0x000001b852648800 Exception <a 'java/lang/NoSuchMethodError'{0x00000007056a1e70}: 'int java.lang.invoke.DirectMethodHandle$Holder.invokeSpecialIFC(java.lang.Object, java.lang.Object, java.lang.Object, java.lang.Object)'> (0x00000007056a1e70) 
thrown [t:/workspace/open/src/hotspot/share/interpreter/linkResolver.cpp, line 766]
Event: 2.370 Thread 0x000001b852648800 Exception <a 'java/lang/IncompatibleClassChangeError'{0x0000000704fabe20}: Found class java.lang.Object, but interface was expected> (0x0000000704fabe20) 
thrown [t:/workspace/open/src/hotspot/share/interpreter/linkResolver.cpp, line 832]
Event: 2.807 Thread 0x000001b852648800 Implicit null exception at 0x000001b862a50ece to 0x000001b862a51d44
Event: 3.100 Thread 0x000001b852648800 Exception <a 'java/lang/NoSuchMethodError'{0x0000000712fee220}: 'java.lang.Object java.lang.invoke.DirectMethodHandle$Holder.invokeStatic(java.lang.Object, java.lang.Object, java.lang.Object, java.lang.Object, int)'> (0x0000000712fee220) 
thrown [t:/workspace/open/src/hotspot/share/interpreter/linkResolver.cpp, line 766]
Event: 3.195 Thread 0x000001b852648800 Exception <a 'java/lang/NoSuchMethodError'{0x0000000705917c50}: 'int java.lang.invoke.DirectMethodHandle$Holder.invokeStaticInit(java.lang.Object)'> (0x0000000705917c50) 
thrown [t:/workspace/open/src/hotspot/share/interpreter/linkResolver.cpp, line 766]
Event: 3.196 Thread 0x000001b852648800 Exception <a 'java/lang/NoSuchMethodError'{0x000000070591c5a0}: 'int java.lang.invoke.DirectMethodHandle$Holder.invokeVirtual(java.lang.Object, java.lang.Object, java.lang.Object)'> (0x000000070591c5a0) 
thrown [t:/workspace/open/src/hotspot/share/interpreter/linkResolver.cpp, line 766]
Event: 3.346 Thread 0x000001b852648800 Implicit null exception at 0x000001b862aaeaf3 to 0x000001b862ab0e30
Event: 3.571 Thread 0x000001b852648800 Exception <a 'java/lang/ClassNotFoundException'{0x000000070bb90840}: java/lang/ObjectCustomizer> (0x000000070bb90840) 
thrown [t:/workspace/open/src/hotspot/share/classfile/systemDictionary.cpp, line 226]
Event: 3.572 Thread 0x000001b852648800 Exception <a 'java/lang/ClassNotFoundException'{0x000000070bbac378}: org/springframework/aop/framework/ProxyConfigCustomizer> (0x000000070bbac378) 
thrown [t:/workspace/open/src/hotspot/share/classfile/systemDictionary.cpp, line 226]
Event: 3.573 Thread 0x000001b852648800 Exception <a 'java/lang/ClassNotFoundException'{0x000000070bbcdf90}: org/springframework/aop/framework/ProxyProcessorSupportCustomizer> (0x000000070bbcdf90) 
thrown [t:/workspace/open/src/hotspot/share/classfile/systemDictionary.cpp, line 226]
Event: 3.574 Thread 0x000001b852648800 Exception <a 'java/lang/ClassNotFoundException'{0x000000070bbf0178}: org/springframework/aop/framework/autoproxy/AbstractAutoProxyCreatorCustomizer> (0x000000070bbf0178) 
thrown [t:/workspace/open/src/hotspot/share/classfile/systemDictionary.cpp, line 226]
Event: 3.576 Thread 0x000001b852648800 Exception <a 'java/lang/ClassNotFoundException'{0x000000070ba20a60}: org/springframework/aop/framework/autoproxy/AbstractAdvisorAutoProxyCreatorCustomizer> (0x000000070ba20a60) 
thrown [t:/workspace/open/src/hotspot/share/classfile/systemDictionary.cpp, line 226]
Event: 3.577 Thread 0x000001b852648800 Exception <a 'java/lang/ClassNotFoundException'{0x000000070ba444d8}: org/springframework/aop/aspectj/autoproxy/AspectJAwareAdvisorAutoProxyCreatorCustomizer> (0x000000070ba444d8) 
thrown [t:/workspace/open/src/hotspot/share/classfile/systemDictionary.cpp, line 226]
Event: 3.577 Thread 0x000001b852648800 Exception <a 'java/lang/ClassNotFoundException'{0x000000070ba67af0}: org/springframework/aop/aspectj/annotation/AnnotationAwareAspectJAutoProxyCreatorCustomizer> (0x000000070ba67af0) 
thrown [t:/workspace/open/src/hotspot/share/classfile/systemDictionary.cpp, line 226]
Event: 3.578 Thread 0x000001b852648800 Exception <a 'java/lang/ClassNotFoundException'{0x000000070ba9c1e0}: org/springframework/beans/factory/config/SmartInstantiationAwareBeanPostProcessorCustomizer> (0x000000070ba9c1e0) 
thrown [t:/workspace/open/src/hotspot/share/classfile/systemDictionary.cpp, line 226]
Event: 3.579 Thread 0x000001b852648800 Exception <a 'java/lang/ClassNotFoundException'{0x000000070babfcd0}: org/springframework/beans/factory/config/InstantiationAwareBeanPostProcessorCustomizer> (0x000000070babfcd0) 
thrown [t:/workspace/open/src/hotspot/share/classfile/systemDictionary.cpp, line 226]
Event: 3.580 Thread 0x000001b852648800 Exception <a 'java/lang/ClassNotFoundException'{0x000000070badf238}: org/springframework/beans/factory/config/BeanPostProcessorCustomizer> (0x000000070badf238) 
thrown [t:/workspace/open/src/hotspot/share/classfile/systemDictionary.cpp, line 226]
Event: 3.581 Thread 0x000001b852648800 Exception <a 'java/lang/ClassNotFoundException'{0x000000070bafa458}: org/springframework/beans/factory/BeanFactoryAwareCustomizer> (0x000000070bafa458) 
thrown [t:/workspace/open/src/hotspot/share/classfile/systemDictionary.cpp, line 226]
Event: 3.581 Thread 0x000001b852648800 Exception <a 'java/lang/ClassNotFoundException'{0x000000070b912bf8}: org/springframework/beans/factory/AwareCustomizer> (0x000000070b912bf8) 
thrown [t:/workspace/open/src/hotspot/share/classfile/systemDictionary.cpp, line 226]
Event: 3.582 Thread 0x000001b852648800 Exception <a 'java/lang/ClassNotFoundException'{0x000000070b9280e8}: org/springframework/core/OrderedCustomizer> (0x000000070b9280e8) 
thrown [t:/workspace/open/src/hotspot/share/classfile/systemDictionary.cpp, line 226]

Events (20 events):
Event: 3.528 loading class sun/security/provider/MD5
Event: 3.528 loading class sun/security/provider/DigestBase
Event: 3.528 loading class sun/security/provider/DigestBase done
Event: 3.528 loading class sun/security/provider/MD5 done
Event: 3.528 loading class sun/security/jca/GetInstance$Instance
Event: 3.528 loading class sun/security/jca/GetInstance$Instance done
Event: 3.528 loading class java/security/MessageDigest$Delegate
Event: 3.528 loading class sun/security/util/MessageDigestSpi2
Event: 3.528 loading class sun/security/util/MessageDigestSpi2 done
Event: 3.528 loading class java/security/MessageDigest$Delegate done
Event: 3.528 loading class sun/security/provider/ByteArrayAccess
Event: 3.528 loading class sun/security/provider/ByteArrayAccess done
Event: 3.548 loading class java/lang/Class$EnclosingMethodInfo
Event: 3.548 loading class java/lang/Class$EnclosingMethodInfo done
Event: 3.571 loading class java/lang/ObjectCustomizer
Event: 3.571 loading class java/lang/ObjectCustomizer done
Event: 3.571 loading class java/lang/ObjectCustomizer
Event: 3.571 loading class java/lang/ObjectCustomizer done
Event: 3.574 loading class sun/reflect/generics/reflectiveObjects/GenericArrayTypeImpl
Event: 3.574 loading class sun/reflect/generics/reflectiveObjects/GenericArrayTypeImpl done


Dynamic libraries:
0x00007ff7e19b0000 - 0x00007ff7e19bf000 	C:\Program Files\Java\jdk-14\bin\java.exe
0x00007ffb6a370000 - 0x00007ffb6a565000 	C:\Windows\SYSTEM32\ntdll.dll
0x00007ffb693a0000 - 0x00007ffb6945e000 	C:\Windows\System32\KERNEL32.DLL
0x00007ffb67df0000 - 0x00007ffb680b8000 	C:\Windows\System32\KERNELBASE.dll
0x00007ffb68220000 - 0x00007ffb68320000 	C:\Windows\System32\ucrtbase.dll
0x00007ffb5eec0000 - 0x00007ffb5eed8000 	C:\Program Files\Java\jdk-14\bin\jli.dll
0x00007ffb5efe0000 - 0x00007ffb5eff5000 	C:\Program Files\Java\jdk-14\bin\VCRUNTIME140.dll
0x00007ffb68c40000 - 0x00007ffb68cee000 	C:\Windows\System32\ADVAPI32.dll
0x00007ffb6a290000 - 0x00007ffb6a32e000 	C:\Windows\System32\msvcrt.dll
0x00007ffb69460000 - 0x00007ffb694fc000 	C:\Windows\System32\sechost.dll
0x00007ffb69500000 - 0x00007ffb69625000 	C:\Windows\System32\RPCRT4.dll
0x00007ffb69da0000 - 0x00007ffb69f41000 	C:\Windows\System32\USER32.dll
0x00007ffb66e20000 - 0x00007ffb670ba000 	C:\Windows\WinSxS\amd64_microsoft.windows.common-controls_6595b64144ccf1df_6.0.19041.1110_none_60b5254171f9507e\COMCTL32.dll
0x00007ffb67b90000 - 0x00007ffb67bb2000 	C:\Windows\System32\win32u.dll
0x00007ffb69310000 - 0x00007ffb6933b000 	C:\Windows\System32\GDI32.dll
0x00007ffb67a80000 - 0x00007ffb67b8d000 	C:\Windows\System32\gdi32full.dll
0x00007ffb67bc0000 - 0x00007ffb67c5d000 	C:\Windows\System32\msvcp_win.dll
0x00007ffb60380000 - 0x00007ffb6038a000 	C:\Windows\SYSTEM32\VERSION.dll
0x00007ffb69630000 - 0x00007ffb69660000 	C:\Windows\System32\IMM32.DLL
0x00007ffb40c30000 - 0x00007ffb40ccb000 	C:\Program Files\Java\jdk-14\bin\msvcp140.dll
0x00007ffaf7540000 - 0x00007ffaf805f000 	C:\Program Files\Java\jdk-14\bin\server\jvm.dll
0x00007ffb6a280000 - 0x00007ffb6a288000 	C:\Windows\System32\PSAPI.DLL
0x00007ffb5b910000 - 0x00007ffb5b937000 	C:\Windows\SYSTEM32\WINMM.dll
0x00007ffb50ef0000 - 0x00007ffb50ef9000 	C:\Windows\SYSTEM32\WSOCK32.dll
0x00007ffb68dc0000 - 0x00007ffb68e2b000 	C:\Windows\System32\WS2_32.dll
0x00007ffb64c70000 - 0x00007ffb64c82000 	C:\Windows\SYSTEM32\kernel.appcore.dll
0x00007ffb5f3c0000 - 0x00007ffb5f3ca000 	C:\Program Files\Java\jdk-14\bin\jimage.dll
0x00007ffb67400000 - 0x00007ffb675e4000 	C:\Windows\SYSTEM32\DBGHELP.DLL
0x00007ffb67230000 - 0x00007ffb6725c000 	C:\Windows\SYSTEM32\dbgcore.DLL
0x00007ffb68320000 - 0x00007ffb683a2000 	C:\Windows\System32\bcryptPrimitives.dll
0x00007ffb5f080000 - 0x00007ffb5f08e000 	C:\Program Files\Java\jdk-14\bin\instrument.dll
0x00007ffb55fc0000 - 0x00007ffb55fe5000 	C:\Program Files\Java\jdk-14\bin\java.dll
0x00007ffb5aa00000 - 0x00007ffb5aa17000 	C:\Program Files\Java\jdk-14\bin\zip.dll
0x00007ffb683b0000 - 0x00007ffb68af4000 	C:\Windows\System32\SHELL32.dll
0x00007ffb64e70000 - 0x00007ffb65605000 	C:\Windows\SYSTEM32\windows.storage.dll
0x00007ffb69780000 - 0x00007ffb69ad5000 	C:\Windows\System32\combase.dll
0x00007ffb66d30000 - 0x00007ffb66d5e000 	C:\Windows\SYSTEM32\Wldp.dll
0x00007ffb69c10000 - 0x00007ffb69cbd000 	C:\Windows\System32\SHCORE.dll
0x00007ffb692b0000 - 0x00007ffb69305000 	C:\Windows\System32\shlwapi.dll
0x00007ffb679c0000 - 0x00007ffb679df000 	C:\Windows\SYSTEM32\profapi.dll
0x00007ffb55e30000 - 0x00007ffb55e49000 	C:\Program Files\Java\jdk-14\bin\net.dll
0x00007ffb60d00000 - 0x00007ffb60e0c000 	C:\Windows\SYSTEM32\WINHTTP.dll
0x00007ffb66a30000 - 0x00007ffb66a9a000 	C:\Windows\system32\mswsock.dll
0x00007ffb550b0000 - 0x00007ffb550c2000 	C:\Program Files\Java\jdk-14\bin\nio.dll
0x00007ffb55080000 - 0x00007ffb5509a000 	C:\Program Files\JetBrains\IntelliJ IDEA Community Edition 2021.2\bin\breakgen64.dll
0x00007ffb5e7b0000 - 0x00007ffb5e7c0000 	C:\Program Files\Java\jdk-14\bin\verify.dll
0x00007ffb66760000 - 0x00007ffb6679b000 	C:\Windows\SYSTEM32\IPHLPAPI.DLL
0x00007ffb68d50000 - 0x00007ffb68d58000 	C:\Windows\System32\NSI.dll
0x00007ffb60220000 - 0x00007ffb60237000 	C:\Windows\SYSTEM32\dhcpcsvc6.DLL
0x00007ffb60190000 - 0x00007ffb601ad000 	C:\Windows\SYSTEM32\dhcpcsvc.DLL
0x00007ffb667a0000 - 0x00007ffb6686b000 	C:\Windows\SYSTEM32\DNSAPI.dll
0x00007ffb567a0000 - 0x00007ffb567aa000 	C:\Windows\System32\rasadhlp.dll
0x00007ffb56680000 - 0x00007ffb566ff000 	C:\Windows\System32\fwpuclnt.dll
0x00007ffb67dc0000 - 0x00007ffb67de7000 	C:\Windows\System32\bcrypt.dll
0x00007ffb55fb0000 - 0x00007ffb55fb9000 	C:\Program Files\Java\jdk-14\bin\management.dll
0x00007ffb550a0000 - 0x00007ffb550ab000 	C:\Program Files\Java\jdk-14\bin\management_ext.dll
0x00007ffb55f90000 - 0x00007ffb55fa7000 	C:\Windows\system32\napinsp.dll
0x00007ffb25330000 - 0x00007ffb2534b000 	C:\Windows\system32\pnrpnsp.dll
0x00007ffb60cd0000 - 0x00007ffb60ce5000 	C:\Windows\system32\wshbth.dll
0x00007ffb62920000 - 0x00007ffb6293d000 	C:\Windows\system32\NLAapi.dll
0x00007ffb236e0000 - 0x00007ffb236f2000 	C:\Windows\System32\winrnr.dll

dbghelp: loaded successfully - version: 4.0.5 - missing functions: none
symbol engine: initialized successfully - sym options: 0x614 - pdb path: .;C:\Program Files\Java\jdk-14\bin;C:\Windows\SYSTEM32;C:\Windows\WinSxS\amd64_microsoft.windows.common-controls_6595b64144ccf1df_6.0.19041.1110_none_60b5254171f9507e;C:\Program Files\Java\jdk-14\bin\server;C:\Program Files\JetBrains\IntelliJ IDEA Community Edition 2021.2\bin

VM Arguments:
jvm_args: -javaagent:C:\Program Files\JetBrains\IntelliJ IDEA Community Edition 2021.2\lib\idea_rt.jar=54536:C:\Program Files\JetBrains\IntelliJ IDEA Community Edition 2021.2\bin -Dfile.encoding=UTF-8 
java_command: com.devsuperior.hrworker.HrWorkerApplication
java_class_path (initial): C:\Users\niore\Documents\workspace-spring-tool\hr-worker\target\classes;C:\Users\niore\.m2\repository\org\springframework\boot\spring-boot-starter-data-jpa\2.3.4.RELEASE\spring-boot-starter-data-jpa-2.3.4.RELEASE.jar;C:\Users\niore\.m2\repository\org\springframework\boot\spring-boot-starter-aop\2.3.4.RELEASE\spring-boot-starter-aop-2.3.4.RELEASE.jar;C:\Users\niore\.m2\repository\org\springframework\spring-aop\5.2.9.RELEASE\spring-aop-5.2.9.RELEASE.jar;C:\Users\niore\.m2\repository\org\aspectj\aspectjweaver\1.9.6\aspectjweaver-1.9.6.jar;C:\Users\niore\.m2\repository\org\springframework\boot\spring-boot-starter-jdbc\2.3.4.RELEASE\spring-boot-starter-jdbc-2.3.4.RELEASE.jar;C:\Users\niore\.m2\repository\com\zaxxer\HikariCP\3.4.5\HikariCP-3.4.5.jar;C:\Users\niore\.m2\repository\org\springframework\spring-jdbc\5.2.9.RELEASE\spring-jdbc-5.2.9.RELEASE.jar;C:\Users\niore\.m2\repository\jakarta\transaction\jakarta.transaction-api\1.3.3\jakarta.transaction-api-1.3.3.jar;C:\Users\niore\.m2\repository\jakarta\persistence\jakarta.persistence-api\2.2.3\jakarta.persistence-api-2.2.3.jar;C:\Users\niore\.m2\repository\org\hibernate\hibernate-core\5.4.21.Final\hibernate-core-5.4.21.Final.jar;C:\Users\niore\.m2\repository\org\jboss\logging\jboss-logging\3.4.1.Final\jboss-logging-3.4.1.Final.jar;C:\Users\niore\.m2\repository\org\javassist\javassist\3.24.0-GA\javassist-3.24.0-GA.jar;C:\Users\niore\.m2\repository\net\bytebuddy\byte-buddy\1.10.14\byte-buddy-1.10.14.jar;C:\Users\niore\.m2\repository\antlr\antlr\2.7.7\antlr-2.7.7.jar;C:\Users\niore\.m2\repository\org\jboss\jandex\2.1.3.Final\jandex-2.1.3.Final.jar;C:\Users\niore\.m2\repository\com\fasterxml\classmate\1.5.1\classmate-1.5.1.jar;C:\Users\niore\.m2\repository\org\dom4j\dom4j\2.1.3\dom4j-2.1.3.jar;C:\Users\niore\.m2\repository\org\hibernate\common\hibernate-commons-annotations\5.1.0.Final\hibernate-commons-annotations-5.1.0.Final.jar;C:\Users\niore\.m2\repository\org\glassfish\jaxb\jaxb-runtime\2.3.3\
Launcher Type: SUN_STANDARD

[Global flags]
     intx CICompilerCount                          = 4                                         {product} {ergonomic}
     uint ConcGCThreads                            = 3                                         {product} {ergonomic}
     uint G1ConcRefinementThreads                  = 10                                        {product} {ergonomic}
   size_t G1HeapRegionSize                         = 1048576                                   {product} {ergonomic}
    uintx GCDrainStackTargetSize                   = 64                                        {product} {ergonomic}
   size_t InitialHeapSize                          = 266338304                                 {product} {ergonomic}
   size_t MarkStackSize                            = 4194304                                   {product} {ergonomic}
   size_t MaxHeapSize                              = 4242538496                                {product} {ergonomic}
   size_t MaxNewSize                               = 2544893952                                {product} {ergonomic}
   size_t MinHeapDeltaBytes                        = 1048576                                   {product} {ergonomic}
   size_t MinHeapSize                              = 8388608                                   {product} {ergonomic}
    uintx NonNMethodCodeHeapSize                   = 5839372                                {pd product} {ergonomic}
    uintx NonProfiledCodeHeapSize                  = 122909434                              {pd product} {ergonomic}
    uintx ProfiledCodeHeapSize                     = 122909434                              {pd product} {ergonomic}
    uintx ReservedCodeCacheSize                    = 251658240                              {pd product} {ergonomic}
     bool SegmentedCodeCache                       = true                                      {product} {ergonomic}
   size_t SoftMaxHeapSize                          = 4242538496                             {manageable} {ergonomic}
     bool UseCompressedClassPointers               = true                                 {lp64_product} {ergonomic}
     bool UseCompressedOops                        = true                                 {lp64_product} {ergonomic}
     bool UseG1GC                                  = true                                      {product} {ergonomic}
     bool UseLargePagesIndividualAllocation        = false                                  {pd product} {ergonomic}

Logging:
Log output configuration:
 #0: stdout all=warning uptime,level,tags
 #1: stderr all=off uptime,level,tags

Environment Variables:
JAVA_HOME=C:\Program Files\Java\jdk-14\bin
PATH=C:\Program Files\Common Files\Oracle\Java\javapath;C:\Program Files\Java\jdk-14\bin;C:\Program Files (x86)\Common Files\Oracle\Java\javapath;C:\Windows\system32;C:\Windows;C:\Windows\System32\Wbem;C:\Windows\System32\WindowsPowerShell\v1.0\;C:\Windows\System32\OpenSSH\;C:\Program Files\Docker\Docker\resources\bin;C:\ProgramData\DockerDesktop\version-bin;C:\Program Files\Git\cmd;C:\Program Files\Apache\apache-maven-3.8.1\bin;C:\Program Files (x86)\Microsoft SQL Server\150\DTS\Binn\;C:\Program Files\Azure Data Studio\bin;C:\Program Files\nodejs\;C:\Users\niore\AppData\Local\Microsoft\WindowsApps;;C:\Users\niore\AppData\Local\Programs\Microsoft VS Code\bin;C:\Program Files\Azure Data Studio\bin;C:\Users\niore\AppData\Roaming\npm
USERNAME=niore
OS=Windows_NT
PROCESSOR_IDENTIFIER=AMD64 Family 23 Model 96 Stepping 1, AuthenticAMD



---------------  S Y S T E M  ---------------

OS: Windows 10 , 64 bit Build 19041 (10.0.19041.1466)
OS uptime: 0 days 22:04 hours
HyperV virtualization detected

CPU:total 12 (initial active 12) (12 cores per cpu, 2 threads per core) family 23 model 96 stepping 1, cmov, cx8, fxsr, mmx, sse, sse2, sse3, ssse3, sse4.1, sse4.2, popcnt, avx, avx2, aes, clmul, mmxext, 3dnowpref, lzcnt, sse4a, ht, tsc, tscinvbit, tscinv, bmi1, bmi2, adx, sha, fma

Memory: 4k page, system-wide physical 16180M (3264M free)
TotalPageFile size 31028M (AvailPageFile size 10939M)
current process WorkingSet (physical memory assigned to process): 206M, peak: 254M
current process commit charge ("private bytes"): 346M, peak: 430M

vm_info: Java HotSpot(TM) 64-Bit Server VM (14+36-1461) for windows-amd64 JRE (14+36-1461), built on Feb  6 2020 19:08:04 by "mach5one" with MS VC++ 15.9 (VS2017)

END.
